<?xml version="1.0" encoding="utf-8"?><testsuites name="pytest tests"><testsuite name="pytest" errors="77" failures="0" skipped="0" tests="77" time="22.737" timestamp="2026-07-12T13:08:44.643848+02:00" hostname="APILOT-n7oEOiYz"><testcase classname="" name="tests.custom_sensors.test_financial_sensors" time="0.000"><error message="collection failure">ImportError while importing test module 'C:\Users\andreas.kruger\Github\hsem\tests\custom_sensors\test_financial_sensors.py'.
Hint: make sure your test modules/packages have valid Python names.
Traceback:
.tox\py314\Lib\site-packages\_pytest\python.py:508: in importtestmodule
    mod = import_path(
.tox\py314\Lib\site-packages\_pytest\pathlib.py:596: in import_path
    importlib.import_module(module_name)
..\..\.pyenv\pyenv-win\versions\3.14.2\Lib\importlib\__init__.py:88: in import_module
    return _bootstrap._gcd_import(name[level:], package, level)
           ^^^^^^^^^^^^^^^^^^^^^^^^^^^^^^^^^^^^^^^^^^^^^^^^^^^^
&lt;frozen importlib._bootstrap&gt;:1398: in _gcd_import
    ???
&lt;frozen importlib._bootstrap&gt;:1371: in _find_and_load
    ???
&lt;frozen importlib._bootstrap&gt;:1342: in _find_and_load_unlocked
    ???
&lt;frozen importlib._bootstrap&gt;:938: in _load_unlocked
    ???
.tox\py314\Lib\site-packages\_pytest\assertion\rewrite.py:188: in exec_module
    exec(co, module.__dict__)
tests\custom_sensors\test_financial_sensors.py:9: in &lt;module&gt;
    from homeassistant.components.sensor.const import SensorDeviceClass, SensorStateClass
.tox\py314\Lib\site-packages\homeassistant\components\sensor\__init__.py:15: in &lt;module&gt;
    from homeassistant.config_entries import ConfigEntry
.tox\py314\Lib\site-packages\homeassistant\config_entries.py:78: in &lt;module&gt;
    from .setup import (
.tox\py314\Lib\site-packages\homeassistant\setup.py:15: in &lt;module&gt;
    from . import config as conf_util, core, loader, requirements
.tox\py314\Lib\site-packages\homeassistant\config.py:25: in &lt;module&gt;
    from .core_config import _PACKAGE_DEFINITION_SCHEMA, _PACKAGES_CONFIG_SCHEMA
.tox\py314\Lib\site-packages\homeassistant\core_config.py:17: in &lt;module&gt;
    from . import auth
.tox\py314\Lib\site-packages\homeassistant\auth\__init__.py:29: in &lt;module&gt;
    from .providers.homeassistant import HassAuthProvider
.tox\py314\Lib\site-packages\homeassistant\auth\providers\homeassistant.py:9: in &lt;module&gt;
    import bcrypt
.tox\py314\Lib\site-packages\bcrypt\__init__.py:13: in &lt;module&gt;
    from ._bcrypt import (
E   ImportError: PyO3 modules compiled for CPython 3.8 or older may only be initialized once per interpreter process</error></testcase><testcase classname="" name="tests.custom_sensors.test_ocpp_server" time="0.000"><error message="collection failure">ImportError while importing test module 'C:\Users\andreas.kruger\Github\hsem\tests\custom_sensors\test_ocpp_server.py'.
Hint: make sure your test modules/packages have valid Python names.
Traceback:
.tox\py314\Lib\site-packages\_pytest\python.py:508: in importtestmodule
    mod = import_path(
.tox\py314\Lib\site-packages\_pytest\pathlib.py:596: in import_path
    importlib.import_module(module_name)
..\..\.pyenv\pyenv-win\versions\3.14.2\Lib\importlib\__init__.py:88: in import_module
    return _bootstrap._gcd_import(name[level:], package, level)
           ^^^^^^^^^^^^^^^^^^^^^^^^^^^^^^^^^^^^^^^^^^^^^^^^^^^^
&lt;frozen importlib._bootstrap&gt;:1398: in _gcd_import
    ???
&lt;frozen importlib._bootstrap&gt;:1371: in _find_and_load
    ???
&lt;frozen importlib._bootstrap&gt;:1342: in _find_and_load_unlocked
    ???
&lt;frozen importlib._bootstrap&gt;:938: in _load_unlocked
    ???
.tox\py314\Lib\site-packages\_pytest\assertion\rewrite.py:188: in exec_module
    exec(co, module.__dict__)
tests\custom_sensors\test_ocpp_server.py:23: in &lt;module&gt;
    from custom_components.hsem.custom_sensors.ocpp_server import OCPPServer
custom_components\__init__.py:1: in &lt;module&gt;
    from custom_components.hsem.utils.logger import HSEM_LOGGER as _LOGGER
custom_components\hsem\__init__.py:13: in &lt;module&gt;
    from homeassistant.config_entries import ConfigEntry
.tox\py314\Lib\site-packages\homeassistant\config_entries.py:78: in &lt;module&gt;
    from .setup import (
.tox\py314\Lib\site-packages\homeassistant\setup.py:15: in &lt;module&gt;
    from . import config as conf_util, core, loader, requirements
.tox\py314\Lib\site-packages\homeassistant\config.py:25: in &lt;module&gt;
    from .core_config import _PACKAGE_DEFINITION_SCHEMA, _PACKAGES_CONFIG_SCHEMA
.tox\py314\Lib\site-packages\homeassistant\core_config.py:17: in &lt;module&gt;
    from . import auth
.tox\py314\Lib\site-packages\homeassistant\auth\__init__.py:29: in &lt;module&gt;
    from .providers.homeassistant import HassAuthProvider
.tox\py314\Lib\site-packages\homeassistant\auth\providers\homeassistant.py:9: in &lt;module&gt;
    import bcrypt
.tox\py314\Lib\site-packages\bcrypt\__init__.py:13: in &lt;module&gt;
    from ._bcrypt import (
E   ImportError: PyO3 modules compiled for CPython 3.8 or older may only be initialized once per interpreter process</error></testcase><testcase classname="" name="tests.models.test_financial_tracker" time="0.000"><error message="collection failure">ImportError while importing test module 'C:\Users\andreas.kruger\Github\hsem\tests\models\test_financial_tracker.py'.
Hint: make sure your test modules/packages have valid Python names.
Traceback:
.tox\py314\Lib\site-packages\_pytest\python.py:508: in importtestmodule
    mod = import_path(
.tox\py314\Lib\site-packages\_pytest\pathlib.py:596: in import_path
    importlib.import_module(module_name)
..\..\.pyenv\pyenv-win\versions\3.14.2\Lib\importlib\__init__.py:88: in import_module
    return _bootstrap._gcd_import(name[level:], package, level)
           ^^^^^^^^^^^^^^^^^^^^^^^^^^^^^^^^^^^^^^^^^^^^^^^^^^^^
&lt;frozen importlib._bootstrap&gt;:1398: in _gcd_import
    ???
&lt;frozen importlib._bootstrap&gt;:1371: in _find_and_load
    ???
&lt;frozen importlib._bootstrap&gt;:1342: in _find_and_load_unlocked
    ???
&lt;frozen importlib._bootstrap&gt;:938: in _load_unlocked
    ???
.tox\py314\Lib\site-packages\_pytest\assertion\rewrite.py:188: in exec_module
    exec(co, module.__dict__)
tests\models\test_financial_tracker.py:9: in &lt;module&gt;
    from custom_components.hsem.models.financial_tracker import (
custom_components\__init__.py:1: in &lt;module&gt;
    from custom_components.hsem.utils.logger import HSEM_LOGGER as _LOGGER
custom_components\hsem\__init__.py:13: in &lt;module&gt;
    from homeassistant.config_entries import ConfigEntry
.tox\py314\Lib\site-packages\homeassistant\config_entries.py:78: in &lt;module&gt;
    from .setup import (
.tox\py314\Lib\site-packages\homeassistant\setup.py:15: in &lt;module&gt;
    from . import config as conf_util, core, loader, requirements
.tox\py314\Lib\site-packages\homeassistant\config.py:25: in &lt;module&gt;
    from .core_config import _PACKAGE_DEFINITION_SCHEMA, _PACKAGES_CONFIG_SCHEMA
.tox\py314\Lib\site-packages\homeassistant\core_config.py:17: in &lt;module&gt;
    from . import auth
.tox\py314\Lib\site-packages\homeassistant\auth\__init__.py:29: in &lt;module&gt;
    from .providers.homeassistant import HassAuthProvider
.tox\py314\Lib\site-packages\homeassistant\auth\providers\homeassistant.py:9: in &lt;module&gt;
    import bcrypt
.tox\py314\Lib\site-packages\bcrypt\__init__.py:13: in &lt;module&gt;
    from ._bcrypt import (
E   ImportError: PyO3 modules compiled for CPython 3.8 or older may only be initialized once per interpreter process</error></testcase><testcase classname="" name="tests.models.test_savings_tracker" time="0.000"><error message="collection failure">ImportError while importing test module 'C:\Users\andreas.kruger\Github\hsem\tests\models\test_savings_tracker.py'.
Hint: make sure your test modules/packages have valid Python names.
Traceback:
.tox\py314\Lib\site-packages\_pytest\python.py:508: in importtestmodule
    mod = import_path(
.tox\py314\Lib\site-packages\_pytest\pathlib.py:596: in import_path
    importlib.import_module(module_name)
..\..\.pyenv\pyenv-win\versions\3.14.2\Lib\importlib\__init__.py:88: in import_module
    return _bootstrap._gcd_import(name[level:], package, level)
           ^^^^^^^^^^^^^^^^^^^^^^^^^^^^^^^^^^^^^^^^^^^^^^^^^^^^
&lt;frozen importlib._bootstrap&gt;:1398: in _gcd_import
    ???
&lt;frozen importlib._bootstrap&gt;:1371: in _find_and_load
    ???
&lt;frozen importlib._bootstrap&gt;:1342: in _find_and_load_unlocked
    ???
&lt;frozen importlib._bootstrap&gt;:938: in _load_unlocked
    ???
.tox\py314\Lib\site-packages\_pytest\assertion\rewrite.py:188: in exec_module
    exec(co, module.__dict__)
tests\models\test_savings_tracker.py:7: in &lt;module&gt;
    from custom_components.hsem.models.savings_day import SavingsDay
custom_components\__init__.py:1: in &lt;module&gt;
    from custom_components.hsem.utils.logger import HSEM_LOGGER as _LOGGER
custom_components\hsem\__init__.py:13: in &lt;module&gt;
    from homeassistant.config_entries import ConfigEntry
.tox\py314\Lib\site-packages\homeassistant\config_entries.py:78: in &lt;module&gt;
    from .setup import (
.tox\py314\Lib\site-packages\homeassistant\setup.py:15: in &lt;module&gt;
    from . import config as conf_util, core, loader, requirements
.tox\py314\Lib\site-packages\homeassistant\config.py:25: in &lt;module&gt;
    from .core_config import _PACKAGE_DEFINITION_SCHEMA, _PACKAGES_CONFIG_SCHEMA
.tox\py314\Lib\site-packages\homeassistant\core_config.py:17: in &lt;module&gt;
    from . import auth
.tox\py314\Lib\site-packages\homeassistant\auth\__init__.py:29: in &lt;module&gt;
    from .providers.homeassistant import HassAuthProvider
.tox\py314\Lib\site-packages\homeassistant\auth\providers\homeassistant.py:9: in &lt;module&gt;
    import bcrypt
.tox\py314\Lib\site-packages\bcrypt\__init__.py:13: in &lt;module&gt;
    from ._bcrypt import (
E   ImportError: PyO3 modules compiled for CPython 3.8 or older may only be initialized once per interpreter process</error></testcase><testcase classname="" name="tests.planner.test_48h_second_day" time="0.000"><error message="collection failure">ImportError while importing test module 'C:\Users\andreas.kruger\Github\hsem\tests\planner\test_48h_second_day.py'.
Hint: make sure your test modules/packages have valid Python names.
Traceback:
.tox\py314\Lib\site-packages\_pytest\python.py:508: in importtestmodule
    mod = import_path(
.tox\py314\Lib\site-packages\_pytest\pathlib.py:596: in import_path
    importlib.import_module(module_name)
..\..\.pyenv\pyenv-win\versions\3.14.2\Lib\importlib\__init__.py:88: in import_module
    return _bootstrap._gcd_import(name[level:], package, level)
           ^^^^^^^^^^^^^^^^^^^^^^^^^^^^^^^^^^^^^^^^^^^^^^^^^^^^
&lt;frozen importlib._bootstrap&gt;:1398: in _gcd_import
    ???
&lt;frozen importlib._bootstrap&gt;:1371: in _find_and_load
    ???
&lt;frozen importlib._bootstrap&gt;:1342: in _find_and_load_unlocked
    ???
&lt;frozen importlib._bootstrap&gt;:938: in _load_unlocked
    ???
.tox\py314\Lib\site-packages\_pytest\assertion\rewrite.py:188: in exec_module
    exec(co, module.__dict__)
tests\planner\test_48h_second_day.py:29: in &lt;module&gt;
    from custom_components.hsem.models.battery_schedule_input import BatteryScheduleInput
custom_components\__init__.py:1: in &lt;module&gt;
    from custom_components.hsem.utils.logger import HSEM_LOGGER as _LOGGER
custom_components\hsem\__init__.py:13: in &lt;module&gt;
    from homeassistant.config_entries import ConfigEntry
.tox\py314\Lib\site-packages\homeassistant\config_entries.py:78: in &lt;module&gt;
    from .setup import (
.tox\py314\Lib\site-packages\homeassistant\setup.py:15: in &lt;module&gt;
    from . import config as conf_util, core, loader, requirements
.tox\py314\Lib\site-packages\homeassistant\config.py:25: in &lt;module&gt;
    from .core_config import _PACKAGE_DEFINITION_SCHEMA, _PACKAGES_CONFIG_SCHEMA
.tox\py314\Lib\site-packages\homeassistant\core_config.py:17: in &lt;module&gt;
    from . import auth
.tox\py314\Lib\site-packages\homeassistant\auth\__init__.py:29: in &lt;module&gt;
    from .providers.homeassistant import HassAuthProvider
.tox\py314\Lib\site-packages\homeassistant\auth\providers\homeassistant.py:9: in &lt;module&gt;
    import bcrypt
.tox\py314\Lib\site-packages\bcrypt\__init__.py:13: in &lt;module&gt;
    from ._bcrypt import (
E   ImportError: PyO3 modules compiled for CPython 3.8 or older may only be initialized once per interpreter process</error></testcase><testcase classname="" name="tests.planner.test_arbitrage_grid_charge" time="0.000"><error message="collection failure">ImportError while importing test module 'C:\Users\andreas.kruger\Github\hsem\tests\planner\test_arbitrage_grid_charge.py'.
Hint: make sure your test modules/packages have valid Python names.
Traceback:
.tox\py314\Lib\site-packages\_pytest\python.py:508: in importtestmodule
    mod = import_path(
.tox\py314\Lib\site-packages\_pytest\pathlib.py:596: in import_path
    importlib.import_module(module_name)
..\..\.pyenv\pyenv-win\versions\3.14.2\Lib\importlib\__init__.py:88: in import_module
    return _bootstrap._gcd_import(name[level:], package, level)
           ^^^^^^^^^^^^^^^^^^^^^^^^^^^^^^^^^^^^^^^^^^^^^^^^^^^^
&lt;frozen importlib._bootstrap&gt;:1398: in _gcd_import
    ???
&lt;frozen importlib._bootstrap&gt;:1371: in _find_and_load
    ???
&lt;frozen importlib._bootstrap&gt;:1342: in _find_and_load_unlocked
    ???
&lt;frozen importlib._bootstrap&gt;:938: in _load_unlocked
    ???
.tox\py314\Lib\site-packages\_pytest\assertion\rewrite.py:188: in exec_module
    exec(co, module.__dict__)
tests\planner\test_arbitrage_grid_charge.py:29: in &lt;module&gt;
    from custom_components.hsem.models.battery_schedule_input import BatteryScheduleInput
custom_components\__init__.py:1: in &lt;module&gt;
    from custom_components.hsem.utils.logger import HSEM_LOGGER as _LOGGER
custom_components\hsem\__init__.py:13: in &lt;module&gt;
    from homeassistant.config_entries import ConfigEntry
.tox\py314\Lib\site-packages\homeassistant\config_entries.py:78: in &lt;module&gt;
    from .setup import (
.tox\py314\Lib\site-packages\homeassistant\setup.py:15: in &lt;module&gt;
    from . import config as conf_util, core, loader, requirements
.tox\py314\Lib\site-packages\homeassistant\config.py:25: in &lt;module&gt;
    from .core_config import _PACKAGE_DEFINITION_SCHEMA, _PACKAGES_CONFIG_SCHEMA
.tox\py314\Lib\site-packages\homeassistant\core_config.py:17: in &lt;module&gt;
    from . import auth
.tox\py314\Lib\site-packages\homeassistant\auth\__init__.py:29: in &lt;module&gt;
    from .providers.homeassistant import HassAuthProvider
.tox\py314\Lib\site-packages\homeassistant\auth\providers\homeassistant.py:9: in &lt;module&gt;
    import bcrypt
.tox\py314\Lib\site-packages\bcrypt\__init__.py:13: in &lt;module&gt;
    from ._bcrypt import (
E   ImportError: PyO3 modules compiled for CPython 3.8 or older may only be initialized once per interpreter process</error></testcase><testcase classname="" name="tests.planner.test_candidate_generation" time="0.000"><error message="collection failure">ImportError while importing test module 'C:\Users\andreas.kruger\Github\hsem\tests\planner\test_candidate_generation.py'.
Hint: make sure your test modules/packages have valid Python names.
Traceback:
.tox\py314\Lib\site-packages\_pytest\python.py:508: in importtestmodule
    mod = import_path(
.tox\py314\Lib\site-packages\_pytest\pathlib.py:596: in import_path
    importlib.import_module(module_name)
..\..\.pyenv\pyenv-win\versions\3.14.2\Lib\importlib\__init__.py:88: in import_module
    return _bootstrap._gcd_import(name[level:], package, level)
           ^^^^^^^^^^^^^^^^^^^^^^^^^^^^^^^^^^^^^^^^^^^^^^^^^^^^
&lt;frozen importlib._bootstrap&gt;:1398: in _gcd_import
    ???
&lt;frozen importlib._bootstrap&gt;:1371: in _find_and_load
    ???
&lt;frozen importlib._bootstrap&gt;:1342: in _find_and_load_unlocked
    ???
&lt;frozen importlib._bootstrap&gt;:938: in _load_unlocked
    ???
.tox\py314\Lib\site-packages\_pytest\assertion\rewrite.py:188: in exec_module
    exec(co, module.__dict__)
tests\planner\test_candidate_generation.py:25: in &lt;module&gt;
    from custom_components.hsem.models.planned_slot import PlannedSlot
custom_components\__init__.py:1: in &lt;module&gt;
    from custom_components.hsem.utils.logger import HSEM_LOGGER as _LOGGER
custom_components\hsem\__init__.py:13: in &lt;module&gt;
    from homeassistant.config_entries import ConfigEntry
.tox\py314\Lib\site-packages\homeassistant\config_entries.py:78: in &lt;module&gt;
    from .setup import (
.tox\py314\Lib\site-packages\homeassistant\setup.py:15: in &lt;module&gt;
    from . import config as conf_util, core, loader, requirements
.tox\py314\Lib\site-packages\homeassistant\config.py:25: in &lt;module&gt;
    from .core_config import _PACKAGE_DEFINITION_SCHEMA, _PACKAGES_CONFIG_SCHEMA
.tox\py314\Lib\site-packages\homeassistant\core_config.py:17: in &lt;module&gt;
    from . import auth
.tox\py314\Lib\site-packages\homeassistant\auth\__init__.py:29: in &lt;module&gt;
    from .providers.homeassistant import HassAuthProvider
.tox\py314\Lib\site-packages\homeassistant\auth\providers\homeassistant.py:9: in &lt;module&gt;
    import bcrypt
.tox\py314\Lib\site-packages\bcrypt\__init__.py:13: in &lt;module&gt;
    from ._bcrypt import (
E   ImportError: PyO3 modules compiled for CPython 3.8 or older may only be initialized once per interpreter process</error></testcase><testcase classname="" name="tests.planner.test_candidate_generator_placement" time="0.000"><error message="collection failure">ImportError while importing test module 'C:\Users\andreas.kruger\Github\hsem\tests\planner\test_candidate_generator_placement.py'.
Hint: make sure your test modules/packages have valid Python names.
Traceback:
.tox\py314\Lib\site-packages\_pytest\python.py:508: in importtestmodule
    mod = import_path(
.tox\py314\Lib\site-packages\_pytest\pathlib.py:596: in import_path
    importlib.import_module(module_name)
..\..\.pyenv\pyenv-win\versions\3.14.2\Lib\importlib\__init__.py:88: in import_module
    return _bootstrap._gcd_import(name[level:], package, level)
           ^^^^^^^^^^^^^^^^^^^^^^^^^^^^^^^^^^^^^^^^^^^^^^^^^^^^
&lt;frozen importlib._bootstrap&gt;:1398: in _gcd_import
    ???
&lt;frozen importlib._bootstrap&gt;:1371: in _find_and_load
    ???
&lt;frozen importlib._bootstrap&gt;:1342: in _find_and_load_unlocked
    ???
&lt;frozen importlib._bootstrap&gt;:938: in _load_unlocked
    ???
.tox\py314\Lib\site-packages\_pytest\assertion\rewrite.py:188: in exec_module
    exec(co, module.__dict__)
tests\planner\test_candidate_generator_placement.py:21: in &lt;module&gt;
    from custom_components.hsem.models.planned_slot import PlannedSlot
custom_components\__init__.py:1: in &lt;module&gt;
    from custom_components.hsem.utils.logger import HSEM_LOGGER as _LOGGER
custom_components\hsem\__init__.py:13: in &lt;module&gt;
    from homeassistant.config_entries import ConfigEntry
.tox\py314\Lib\site-packages\homeassistant\config_entries.py:78: in &lt;module&gt;
    from .setup import (
.tox\py314\Lib\site-packages\homeassistant\setup.py:15: in &lt;module&gt;
    from . import config as conf_util, core, loader, requirements
.tox\py314\Lib\site-packages\homeassistant\config.py:25: in &lt;module&gt;
    from .core_config import _PACKAGE_DEFINITION_SCHEMA, _PACKAGES_CONFIG_SCHEMA
.tox\py314\Lib\site-packages\homeassistant\core_config.py:17: in &lt;module&gt;
    from . import auth
.tox\py314\Lib\site-packages\homeassistant\auth\__init__.py:29: in &lt;module&gt;
    from .providers.homeassistant import HassAuthProvider
.tox\py314\Lib\site-packages\homeassistant\auth\providers\homeassistant.py:9: in &lt;module&gt;
    import bcrypt
.tox\py314\Lib\site-packages\bcrypt\__init__.py:13: in &lt;module&gt;
    from ._bcrypt import (
E   ImportError: PyO3 modules compiled for CPython 3.8 or older may only be initialized once per interpreter process</error></testcase><testcase classname="" name="tests.planner.test_charge_scheduler_capacity" time="0.000"><error message="collection failure">ImportError while importing test module 'C:\Users\andreas.kruger\Github\hsem\tests\planner\test_charge_scheduler_capacity.py'.
Hint: make sure your test modules/packages have valid Python names.
Traceback:
.tox\py314\Lib\site-packages\_pytest\python.py:508: in importtestmodule
    mod = import_path(
.tox\py314\Lib\site-packages\_pytest\pathlib.py:596: in import_path
    importlib.import_module(module_name)
..\..\.pyenv\pyenv-win\versions\3.14.2\Lib\importlib\__init__.py:88: in import_module
    return _bootstrap._gcd_import(name[level:], package, level)
           ^^^^^^^^^^^^^^^^^^^^^^^^^^^^^^^^^^^^^^^^^^^^^^^^^^^^
&lt;frozen importlib._bootstrap&gt;:1398: in _gcd_import
    ???
&lt;frozen importlib._bootstrap&gt;:1371: in _find_and_load
    ???
&lt;frozen importlib._bootstrap&gt;:1342: in _find_and_load_unlocked
    ???
&lt;frozen importlib._bootstrap&gt;:938: in _load_unlocked
    ???
.tox\py314\Lib\site-packages\_pytest\assertion\rewrite.py:188: in exec_module
    exec(co, module.__dict__)
tests\planner\test_charge_scheduler_capacity.py:15: in &lt;module&gt;
    from custom_components.hsem.models.battery_schedule_input import BatteryScheduleInput
custom_components\__init__.py:1: in &lt;module&gt;
    from custom_components.hsem.utils.logger import HSEM_LOGGER as _LOGGER
custom_components\hsem\__init__.py:13: in &lt;module&gt;
    from homeassistant.config_entries import ConfigEntry
.tox\py314\Lib\site-packages\homeassistant\config_entries.py:78: in &lt;module&gt;
    from .setup import (
.tox\py314\Lib\site-packages\homeassistant\setup.py:15: in &lt;module&gt;
    from . import config as conf_util, core, loader, requirements
.tox\py314\Lib\site-packages\homeassistant\config.py:25: in &lt;module&gt;
    from .core_config import _PACKAGE_DEFINITION_SCHEMA, _PACKAGES_CONFIG_SCHEMA
.tox\py314\Lib\site-packages\homeassistant\core_config.py:17: in &lt;module&gt;
    from . import auth
.tox\py314\Lib\site-packages\homeassistant\auth\__init__.py:29: in &lt;module&gt;
    from .providers.homeassistant import HassAuthProvider
.tox\py314\Lib\site-packages\homeassistant\auth\providers\homeassistant.py:9: in &lt;module&gt;
    import bcrypt
.tox\py314\Lib\site-packages\bcrypt\__init__.py:13: in &lt;module&gt;
    from ._bcrypt import (
E   ImportError: PyO3 modules compiled for CPython 3.8 or older may only be initialized once per interpreter process</error></testcase><testcase classname="" name="tests.planner.test_concentrate_discharge" time="0.000"><error message="collection failure">ImportError while importing test module 'C:\Users\andreas.kruger\Github\hsem\tests\planner\test_concentrate_discharge.py'.
Hint: make sure your test modules/packages have valid Python names.
Traceback:
.tox\py314\Lib\site-packages\_pytest\python.py:508: in importtestmodule
    mod = import_path(
.tox\py314\Lib\site-packages\_pytest\pathlib.py:596: in import_path
    importlib.import_module(module_name)
..\..\.pyenv\pyenv-win\versions\3.14.2\Lib\importlib\__init__.py:88: in import_module
    return _bootstrap._gcd_import(name[level:], package, level)
           ^^^^^^^^^^^^^^^^^^^^^^^^^^^^^^^^^^^^^^^^^^^^^^^^^^^^
&lt;frozen importlib._bootstrap&gt;:1398: in _gcd_import
    ???
&lt;frozen importlib._bootstrap&gt;:1371: in _find_and_load
    ???
&lt;frozen importlib._bootstrap&gt;:1342: in _find_and_load_unlocked
    ???
&lt;frozen importlib._bootstrap&gt;:938: in _load_unlocked
    ???
.tox\py314\Lib\site-packages\_pytest\assertion\rewrite.py:188: in exec_module
    exec(co, module.__dict__)
tests\planner\test_concentrate_discharge.py:18: in &lt;module&gt;
    from custom_components.hsem.models.planned_slot import PlannedSlot
custom_components\__init__.py:1: in &lt;module&gt;
    from custom_components.hsem.utils.logger import HSEM_LOGGER as _LOGGER
custom_components\hsem\__init__.py:13: in &lt;module&gt;
    from homeassistant.config_entries import ConfigEntry
.tox\py314\Lib\site-packages\homeassistant\config_entries.py:78: in &lt;module&gt;
    from .setup import (
.tox\py314\Lib\site-packages\homeassistant\setup.py:15: in &lt;module&gt;
    from . import config as conf_util, core, loader, requirements
.tox\py314\Lib\site-packages\homeassistant\config.py:25: in &lt;module&gt;
    from .core_config import _PACKAGE_DEFINITION_SCHEMA, _PACKAGES_CONFIG_SCHEMA
.tox\py314\Lib\site-packages\homeassistant\core_config.py:17: in &lt;module&gt;
    from . import auth
.tox\py314\Lib\site-packages\homeassistant\auth\__init__.py:29: in &lt;module&gt;
    from .providers.homeassistant import HassAuthProvider
.tox\py314\Lib\site-packages\homeassistant\auth\providers\homeassistant.py:9: in &lt;module&gt;
    import bcrypt
.tox\py314\Lib\site-packages\bcrypt\__init__.py:13: in &lt;module&gt;
    from ._bcrypt import (
E   ImportError: PyO3 modules compiled for CPython 3.8 or older may only be initialized once per interpreter process</error></testcase><testcase classname="" name="tests.planner.test_cost_function" time="0.000"><error message="collection failure">ImportError while importing test module 'C:\Users\andreas.kruger\Github\hsem\tests\planner\test_cost_function.py'.
Hint: make sure your test modules/packages have valid Python names.
Traceback:
.tox\py314\Lib\site-packages\_pytest\python.py:508: in importtestmodule
    mod = import_path(
.tox\py314\Lib\site-packages\_pytest\pathlib.py:596: in import_path
    importlib.import_module(module_name)
..\..\.pyenv\pyenv-win\versions\3.14.2\Lib\importlib\__init__.py:88: in import_module
    return _bootstrap._gcd_import(name[level:], package, level)
           ^^^^^^^^^^^^^^^^^^^^^^^^^^^^^^^^^^^^^^^^^^^^^^^^^^^^
&lt;frozen importlib._bootstrap&gt;:1398: in _gcd_import
    ???
&lt;frozen importlib._bootstrap&gt;:1371: in _find_and_load
    ???
&lt;frozen importlib._bootstrap&gt;:1342: in _find_and_load_unlocked
    ???
&lt;frozen importlib._bootstrap&gt;:938: in _load_unlocked
    ???
.tox\py314\Lib\site-packages\_pytest\assertion\rewrite.py:188: in exec_module
    exec(co, module.__dict__)
tests\planner\test_cost_function.py:24: in &lt;module&gt;
    from custom_components.hsem.models.planned_slot import PlannedSlot
custom_components\__init__.py:1: in &lt;module&gt;
    from custom_components.hsem.utils.logger import HSEM_LOGGER as _LOGGER
custom_components\hsem\__init__.py:13: in &lt;module&gt;
    from homeassistant.config_entries import ConfigEntry
.tox\py314\Lib\site-packages\homeassistant\config_entries.py:78: in &lt;module&gt;
    from .setup import (
.tox\py314\Lib\site-packages\homeassistant\setup.py:15: in &lt;module&gt;
    from . import config as conf_util, core, loader, requirements
.tox\py314\Lib\site-packages\homeassistant\config.py:25: in &lt;module&gt;
    from .core_config import _PACKAGE_DEFINITION_SCHEMA, _PACKAGES_CONFIG_SCHEMA
.tox\py314\Lib\site-packages\homeassistant\core_config.py:17: in &lt;module&gt;
    from . import auth
.tox\py314\Lib\site-packages\homeassistant\auth\__init__.py:29: in &lt;module&gt;
    from .providers.homeassistant import HassAuthProvider
.tox\py314\Lib\site-packages\homeassistant\auth\providers\homeassistant.py:9: in &lt;module&gt;
    import bcrypt
.tox\py314\Lib\site-packages\bcrypt\__init__.py:13: in &lt;module&gt;
    from ._bcrypt import (
E   ImportError: PyO3 modules compiled for CPython 3.8 or older may only be initialized once per interpreter process</error></testcase><testcase classname="" name="tests.planner.test_cost_score_split" time="0.000"><error message="collection failure">ImportError while importing test module 'C:\Users\andreas.kruger\Github\hsem\tests\planner\test_cost_score_split.py'.
Hint: make sure your test modules/packages have valid Python names.
Traceback:
.tox\py314\Lib\site-packages\_pytest\python.py:508: in importtestmodule
    mod = import_path(
.tox\py314\Lib\site-packages\_pytest\pathlib.py:596: in import_path
    importlib.import_module(module_name)
..\..\.pyenv\pyenv-win\versions\3.14.2\Lib\importlib\__init__.py:88: in import_module
    return _bootstrap._gcd_import(name[level:], package, level)
           ^^^^^^^^^^^^^^^^^^^^^^^^^^^^^^^^^^^^^^^^^^^^^^^^^^^^
&lt;frozen importlib._bootstrap&gt;:1398: in _gcd_import
    ???
&lt;frozen importlib._bootstrap&gt;:1371: in _find_and_load
    ???
&lt;frozen importlib._bootstrap&gt;:1342: in _find_and_load_unlocked
    ???
&lt;frozen importlib._bootstrap&gt;:938: in _load_unlocked
    ???
.tox\py314\Lib\site-packages\_pytest\assertion\rewrite.py:188: in exec_module
    exec(co, module.__dict__)
tests\planner\test_cost_score_split.py:37: in &lt;module&gt;
    from custom_components.hsem.models.planned_slot import PlannedSlot
custom_components\__init__.py:1: in &lt;module&gt;
    from custom_components.hsem.utils.logger import HSEM_LOGGER as _LOGGER
custom_components\hsem\__init__.py:13: in &lt;module&gt;
    from homeassistant.config_entries import ConfigEntry
.tox\py314\Lib\site-packages\homeassistant\config_entries.py:78: in &lt;module&gt;
    from .setup import (
.tox\py314\Lib\site-packages\homeassistant\setup.py:15: in &lt;module&gt;
    from . import config as conf_util, core, loader, requirements
.tox\py314\Lib\site-packages\homeassistant\config.py:25: in &lt;module&gt;
    from .core_config import _PACKAGE_DEFINITION_SCHEMA, _PACKAGES_CONFIG_SCHEMA
.tox\py314\Lib\site-packages\homeassistant\core_config.py:17: in &lt;module&gt;
    from . import auth
.tox\py314\Lib\site-packages\homeassistant\auth\__init__.py:29: in &lt;module&gt;
    from .providers.homeassistant import HassAuthProvider
.tox\py314\Lib\site-packages\homeassistant\auth\providers\homeassistant.py:9: in &lt;module&gt;
    import bcrypt
.tox\py314\Lib\site-packages\bcrypt\__init__.py:13: in &lt;module&gt;
    from ._bcrypt import (
E   ImportError: PyO3 modules compiled for CPython 3.8 or older may only be initialized once per interpreter process</error></testcase><testcase classname="" name="tests.planner.test_cycle_cost_guard" time="0.000"><error message="collection failure">ImportError while importing test module 'C:\Users\andreas.kruger\Github\hsem\tests\planner\test_cycle_cost_guard.py'.
Hint: make sure your test modules/packages have valid Python names.
Traceback:
.tox\py314\Lib\site-packages\_pytest\python.py:508: in importtestmodule
    mod = import_path(
.tox\py314\Lib\site-packages\_pytest\pathlib.py:596: in import_path
    importlib.import_module(module_name)
..\..\.pyenv\pyenv-win\versions\3.14.2\Lib\importlib\__init__.py:88: in import_module
    return _bootstrap._gcd_import(name[level:], package, level)
           ^^^^^^^^^^^^^^^^^^^^^^^^^^^^^^^^^^^^^^^^^^^^^^^^^^^^
&lt;frozen importlib._bootstrap&gt;:1398: in _gcd_import
    ???
&lt;frozen importlib._bootstrap&gt;:1371: in _find_and_load
    ???
&lt;frozen importlib._bootstrap&gt;:1342: in _find_and_load_unlocked
    ???
&lt;frozen importlib._bootstrap&gt;:938: in _load_unlocked
    ???
.tox\py314\Lib\site-packages\_pytest\assertion\rewrite.py:188: in exec_module
    exec(co, module.__dict__)
tests\planner\test_cycle_cost_guard.py:24: in &lt;module&gt;
    from custom_components.hsem.models.battery_schedule_input import BatteryScheduleInput
custom_components\__init__.py:1: in &lt;module&gt;
    from custom_components.hsem.utils.logger import HSEM_LOGGER as _LOGGER
custom_components\hsem\__init__.py:13: in &lt;module&gt;
    from homeassistant.config_entries import ConfigEntry
.tox\py314\Lib\site-packages\homeassistant\config_entries.py:78: in &lt;module&gt;
    from .setup import (
.tox\py314\Lib\site-packages\homeassistant\setup.py:15: in &lt;module&gt;
    from . import config as conf_util, core, loader, requirements
.tox\py314\Lib\site-packages\homeassistant\config.py:25: in &lt;module&gt;
    from .core_config import _PACKAGE_DEFINITION_SCHEMA, _PACKAGES_CONFIG_SCHEMA
.tox\py314\Lib\site-packages\homeassistant\core_config.py:17: in &lt;module&gt;
    from . import auth
.tox\py314\Lib\site-packages\homeassistant\auth\__init__.py:29: in &lt;module&gt;
    from .providers.homeassistant import HassAuthProvider
.tox\py314\Lib\site-packages\homeassistant\auth\providers\homeassistant.py:9: in &lt;module&gt;
    import bcrypt
.tox\py314\Lib\site-packages\bcrypt\__init__.py:13: in &lt;module&gt;
    from ._bcrypt import (
E   ImportError: PyO3 modules compiled for CPython 3.8 or older may only be initialized once per interpreter process</error></testcase><testcase classname="" name="tests.planner.test_ev_future_charge_value" time="0.000"><error message="collection failure">ImportError while importing test module 'C:\Users\andreas.kruger\Github\hsem\tests\planner\test_ev_future_charge_value.py'.
Hint: make sure your test modules/packages have valid Python names.
Traceback:
.tox\py314\Lib\site-packages\_pytest\python.py:508: in importtestmodule
    mod = import_path(
.tox\py314\Lib\site-packages\_pytest\pathlib.py:596: in import_path
    importlib.import_module(module_name)
..\..\.pyenv\pyenv-win\versions\3.14.2\Lib\importlib\__init__.py:88: in import_module
    return _bootstrap._gcd_import(name[level:], package, level)
           ^^^^^^^^^^^^^^^^^^^^^^^^^^^^^^^^^^^^^^^^^^^^^^^^^^^^
&lt;frozen importlib._bootstrap&gt;:1398: in _gcd_import
    ???
&lt;frozen importlib._bootstrap&gt;:1371: in _find_and_load
    ???
&lt;frozen importlib._bootstrap&gt;:1342: in _find_and_load_unlocked
    ???
&lt;frozen importlib._bootstrap&gt;:938: in _load_unlocked
    ???
.tox\py314\Lib\site-packages\_pytest\assertion\rewrite.py:188: in exec_module
    exec(co, module.__dict__)
tests\planner\test_ev_future_charge_value.py:16: in &lt;module&gt;
    from custom_components.hsem.models.planned_slot import PlannedSlot
custom_components\__init__.py:1: in &lt;module&gt;
    from custom_components.hsem.utils.logger import HSEM_LOGGER as _LOGGER
custom_components\hsem\__init__.py:13: in &lt;module&gt;
    from homeassistant.config_entries import ConfigEntry
.tox\py314\Lib\site-packages\homeassistant\config_entries.py:78: in &lt;module&gt;
    from .setup import (
.tox\py314\Lib\site-packages\homeassistant\setup.py:15: in &lt;module&gt;
    from . import config as conf_util, core, loader, requirements
.tox\py314\Lib\site-packages\homeassistant\config.py:25: in &lt;module&gt;
    from .core_config import _PACKAGE_DEFINITION_SCHEMA, _PACKAGES_CONFIG_SCHEMA
.tox\py314\Lib\site-packages\homeassistant\core_config.py:17: in &lt;module&gt;
    from . import auth
.tox\py314\Lib\site-packages\homeassistant\auth\__init__.py:29: in &lt;module&gt;
    from .providers.homeassistant import HassAuthProvider
.tox\py314\Lib\site-packages\homeassistant\auth\providers\homeassistant.py:9: in &lt;module&gt;
    import bcrypt
.tox\py314\Lib\site-packages\bcrypt\__init__.py:13: in &lt;module&gt;
    from ._bcrypt import (
E   ImportError: PyO3 modules compiled for CPython 3.8 or older may only be initialized once per interpreter process</error></testcase><testcase classname="" name="tests.planner.test_ev_past_target_config_wiring" time="0.000"><error message="collection failure">ImportError while importing test module 'C:\Users\andreas.kruger\Github\hsem\tests\planner\test_ev_past_target_config_wiring.py'.
Hint: make sure your test modules/packages have valid Python names.
Traceback:
.tox\py314\Lib\site-packages\_pytest\python.py:508: in importtestmodule
    mod = import_path(
.tox\py314\Lib\site-packages\_pytest\pathlib.py:596: in import_path
    importlib.import_module(module_name)
..\..\.pyenv\pyenv-win\versions\3.14.2\Lib\importlib\__init__.py:88: in import_module
    return _bootstrap._gcd_import(name[level:], package, level)
           ^^^^^^^^^^^^^^^^^^^^^^^^^^^^^^^^^^^^^^^^^^^^^^^^^^^^
&lt;frozen importlib._bootstrap&gt;:1398: in _gcd_import
    ???
&lt;frozen importlib._bootstrap&gt;:1371: in _find_and_load
    ???
&lt;frozen importlib._bootstrap&gt;:1342: in _find_and_load_unlocked
    ???
&lt;frozen importlib._bootstrap&gt;:938: in _load_unlocked
    ???
.tox\py314\Lib\site-packages\_pytest\assertion\rewrite.py:188: in exec_module
    exec(co, module.__dict__)
tests\planner\test_ev_past_target_config_wiring.py:17: in &lt;module&gt;
    from custom_components.hsem.models.planned_slot import PlannedSlot
custom_components\__init__.py:1: in &lt;module&gt;
    from custom_components.hsem.utils.logger import HSEM_LOGGER as _LOGGER
custom_components\hsem\__init__.py:13: in &lt;module&gt;
    from homeassistant.config_entries import ConfigEntry
.tox\py314\Lib\site-packages\homeassistant\config_entries.py:78: in &lt;module&gt;
    from .setup import (
.tox\py314\Lib\site-packages\homeassistant\setup.py:15: in &lt;module&gt;
    from . import config as conf_util, core, loader, requirements
.tox\py314\Lib\site-packages\homeassistant\config.py:25: in &lt;module&gt;
    from .core_config import _PACKAGE_DEFINITION_SCHEMA, _PACKAGES_CONFIG_SCHEMA
.tox\py314\Lib\site-packages\homeassistant\core_config.py:17: in &lt;module&gt;
    from . import auth
.tox\py314\Lib\site-packages\homeassistant\auth\__init__.py:29: in &lt;module&gt;
    from .providers.homeassistant import HassAuthProvider
.tox\py314\Lib\site-packages\homeassistant\auth\providers\homeassistant.py:9: in &lt;module&gt;
    import bcrypt
.tox\py314\Lib\site-packages\bcrypt\__init__.py:13: in &lt;module&gt;
    from ._bcrypt import (
E   ImportError: PyO3 modules compiled for CPython 3.8 or older may only be initialized once per interpreter process</error></testcase><testcase classname="" name="tests.planner.test_ev_planned_load" time="0.000"><error message="collection failure">ImportError while importing test module 'C:\Users\andreas.kruger\Github\hsem\tests\planner\test_ev_planned_load.py'.
Hint: make sure your test modules/packages have valid Python names.
Traceback:
.tox\py314\Lib\site-packages\_pytest\python.py:508: in importtestmodule
    mod = import_path(
.tox\py314\Lib\site-packages\_pytest\pathlib.py:596: in import_path
    importlib.import_module(module_name)
..\..\.pyenv\pyenv-win\versions\3.14.2\Lib\importlib\__init__.py:88: in import_module
    return _bootstrap._gcd_import(name[level:], package, level)
           ^^^^^^^^^^^^^^^^^^^^^^^^^^^^^^^^^^^^^^^^^^^^^^^^^^^^
&lt;frozen importlib._bootstrap&gt;:1398: in _gcd_import
    ???
&lt;frozen importlib._bootstrap&gt;:1371: in _find_and_load
    ???
&lt;frozen importlib._bootstrap&gt;:1342: in _find_and_load_unlocked
    ???
&lt;frozen importlib._bootstrap&gt;:938: in _load_unlocked
    ???
.tox\py314\Lib\site-packages\_pytest\assertion\rewrite.py:188: in exec_module
    exec(co, module.__dict__)
tests\planner\test_ev_planned_load.py:21: in &lt;module&gt;
    from custom_components.hsem.models.hourly_consumption_average import (
custom_components\__init__.py:1: in &lt;module&gt;
    from custom_components.hsem.utils.logger import HSEM_LOGGER as _LOGGER
custom_components\hsem\__init__.py:13: in &lt;module&gt;
    from homeassistant.config_entries import ConfigEntry
.tox\py314\Lib\site-packages\homeassistant\config_entries.py:78: in &lt;module&gt;
    from .setup import (
.tox\py314\Lib\site-packages\homeassistant\setup.py:15: in &lt;module&gt;
    from . import config as conf_util, core, loader, requirements
.tox\py314\Lib\site-packages\homeassistant\config.py:25: in &lt;module&gt;
    from .core_config import _PACKAGE_DEFINITION_SCHEMA, _PACKAGES_CONFIG_SCHEMA
.tox\py314\Lib\site-packages\homeassistant\core_config.py:17: in &lt;module&gt;
    from . import auth
.tox\py314\Lib\site-packages\homeassistant\auth\__init__.py:29: in &lt;module&gt;
    from .providers.homeassistant import HassAuthProvider
.tox\py314\Lib\site-packages\homeassistant\auth\providers\homeassistant.py:9: in &lt;module&gt;
    import bcrypt
.tox\py314\Lib\site-packages\bcrypt\__init__.py:13: in &lt;module&gt;
    from ._bcrypt import (
E   ImportError: PyO3 modules compiled for CPython 3.8 or older may only be initialized once per interpreter process</error></testcase><testcase classname="" name="tests.planner.test_hysteresis" time="0.000"><error message="collection failure">ImportError while importing test module 'C:\Users\andreas.kruger\Github\hsem\tests\planner\test_hysteresis.py'.
Hint: make sure your test modules/packages have valid Python names.
Traceback:
.tox\py314\Lib\site-packages\_pytest\python.py:508: in importtestmodule
    mod = import_path(
.tox\py314\Lib\site-packages\_pytest\pathlib.py:596: in import_path
    importlib.import_module(module_name)
..\..\.pyenv\pyenv-win\versions\3.14.2\Lib\importlib\__init__.py:88: in import_module
    return _bootstrap._gcd_import(name[level:], package, level)
           ^^^^^^^^^^^^^^^^^^^^^^^^^^^^^^^^^^^^^^^^^^^^^^^^^^^^
&lt;frozen importlib._bootstrap&gt;:1398: in _gcd_import
    ???
&lt;frozen importlib._bootstrap&gt;:1371: in _find_and_load
    ???
&lt;frozen importlib._bootstrap&gt;:1342: in _find_and_load_unlocked
    ???
&lt;frozen importlib._bootstrap&gt;:938: in _load_unlocked
    ???
.tox\py314\Lib\site-packages\_pytest\assertion\rewrite.py:188: in exec_module
    exec(co, module.__dict__)
tests\planner\test_hysteresis.py:37: in &lt;module&gt;
    from custom_components.hsem.models.planned_slot import PlannedSlot
custom_components\__init__.py:1: in &lt;module&gt;
    from custom_components.hsem.utils.logger import HSEM_LOGGER as _LOGGER
custom_components\hsem\__init__.py:13: in &lt;module&gt;
    from homeassistant.config_entries import ConfigEntry
.tox\py314\Lib\site-packages\homeassistant\config_entries.py:78: in &lt;module&gt;
    from .setup import (
.tox\py314\Lib\site-packages\homeassistant\setup.py:15: in &lt;module&gt;
    from . import config as conf_util, core, loader, requirements
.tox\py314\Lib\site-packages\homeassistant\config.py:25: in &lt;module&gt;
    from .core_config import _PACKAGE_DEFINITION_SCHEMA, _PACKAGES_CONFIG_SCHEMA
.tox\py314\Lib\site-packages\homeassistant\core_config.py:17: in &lt;module&gt;
    from . import auth
.tox\py314\Lib\site-packages\homeassistant\auth\__init__.py:29: in &lt;module&gt;
    from .providers.homeassistant import HassAuthProvider
.tox\py314\Lib\site-packages\homeassistant\auth\providers\homeassistant.py:9: in &lt;module&gt;
    import bcrypt
.tox\py314\Lib\site-packages\bcrypt\__init__.py:13: in &lt;module&gt;
    from ._bcrypt import (
E   ImportError: PyO3 modules compiled for CPython 3.8 or older may only be initialized once per interpreter process</error></testcase><testcase classname="" name="tests.planner.test_invariants" time="0.000"><error message="collection failure">ImportError while importing test module 'C:\Users\andreas.kruger\Github\hsem\tests\planner\test_invariants.py'.
Hint: make sure your test modules/packages have valid Python names.
Traceback:
.tox\py314\Lib\site-packages\_pytest\python.py:508: in importtestmodule
    mod = import_path(
.tox\py314\Lib\site-packages\_pytest\pathlib.py:596: in import_path
    importlib.import_module(module_name)
..\..\.pyenv\pyenv-win\versions\3.14.2\Lib\importlib\__init__.py:88: in import_module
    return _bootstrap._gcd_import(name[level:], package, level)
           ^^^^^^^^^^^^^^^^^^^^^^^^^^^^^^^^^^^^^^^^^^^^^^^^^^^^
&lt;frozen importlib._bootstrap&gt;:1398: in _gcd_import
    ???
&lt;frozen importlib._bootstrap&gt;:1371: in _find_and_load
    ???
&lt;frozen importlib._bootstrap&gt;:1342: in _find_and_load_unlocked
    ???
&lt;frozen importlib._bootstrap&gt;:938: in _load_unlocked
    ???
.tox\py314\Lib\site-packages\_pytest\assertion\rewrite.py:188: in exec_module
    exec(co, module.__dict__)
tests\planner\test_invariants.py:41: in &lt;module&gt;
    from custom_components.hsem.models.battery_schedule_input import BatteryScheduleInput
custom_components\__init__.py:1: in &lt;module&gt;
    from custom_components.hsem.utils.logger import HSEM_LOGGER as _LOGGER
custom_components\hsem\__init__.py:13: in &lt;module&gt;
    from homeassistant.config_entries import ConfigEntry
.tox\py314\Lib\site-packages\homeassistant\config_entries.py:78: in &lt;module&gt;
    from .setup import (
.tox\py314\Lib\site-packages\homeassistant\setup.py:15: in &lt;module&gt;
    from . import config as conf_util, core, loader, requirements
.tox\py314\Lib\site-packages\homeassistant\config.py:25: in &lt;module&gt;
    from .core_config import _PACKAGE_DEFINITION_SCHEMA, _PACKAGES_CONFIG_SCHEMA
.tox\py314\Lib\site-packages\homeassistant\core_config.py:17: in &lt;module&gt;
    from . import auth
.tox\py314\Lib\site-packages\homeassistant\auth\__init__.py:29: in &lt;module&gt;
    from .providers.homeassistant import HassAuthProvider
.tox\py314\Lib\site-packages\homeassistant\auth\providers\homeassistant.py:9: in &lt;module&gt;
    import bcrypt
.tox\py314\Lib\site-packages\bcrypt\__init__.py:13: in &lt;module&gt;
    from ._bcrypt import (
E   ImportError: PyO3 modules compiled for CPython 3.8 or older may only be initialized once per interpreter process</error></testcase><testcase classname="" name="tests.planner.test_mid_hour_planner" time="0.000"><error message="collection failure">ImportError while importing test module 'C:\Users\andreas.kruger\Github\hsem\tests\planner\test_mid_hour_planner.py'.
Hint: make sure your test modules/packages have valid Python names.
Traceback:
.tox\py314\Lib\site-packages\_pytest\python.py:508: in importtestmodule
    mod = import_path(
.tox\py314\Lib\site-packages\_pytest\pathlib.py:596: in import_path
    importlib.import_module(module_name)
..\..\.pyenv\pyenv-win\versions\3.14.2\Lib\importlib\__init__.py:88: in import_module
    return _bootstrap._gcd_import(name[level:], package, level)
           ^^^^^^^^^^^^^^^^^^^^^^^^^^^^^^^^^^^^^^^^^^^^^^^^^^^^
&lt;frozen importlib._bootstrap&gt;:1398: in _gcd_import
    ???
&lt;frozen importlib._bootstrap&gt;:1371: in _find_and_load
    ???
&lt;frozen importlib._bootstrap&gt;:1342: in _find_and_load_unlocked
    ???
&lt;frozen importlib._bootstrap&gt;:938: in _load_unlocked
    ???
.tox\py314\Lib\site-packages\_pytest\assertion\rewrite.py:188: in exec_module
    exec(co, module.__dict__)
tests\planner\test_mid_hour_planner.py:31: in &lt;module&gt;
    from custom_components.hsem.models.hourly_consumption_average import (
custom_components\__init__.py:1: in &lt;module&gt;
    from custom_components.hsem.utils.logger import HSEM_LOGGER as _LOGGER
custom_components\hsem\__init__.py:13: in &lt;module&gt;
    from homeassistant.config_entries import ConfigEntry
.tox\py314\Lib\site-packages\homeassistant\config_entries.py:78: in &lt;module&gt;
    from .setup import (
.tox\py314\Lib\site-packages\homeassistant\setup.py:15: in &lt;module&gt;
    from . import config as conf_util, core, loader, requirements
.tox\py314\Lib\site-packages\homeassistant\config.py:25: in &lt;module&gt;
    from .core_config import _PACKAGE_DEFINITION_SCHEMA, _PACKAGES_CONFIG_SCHEMA
.tox\py314\Lib\site-packages\homeassistant\core_config.py:17: in &lt;module&gt;
    from . import auth
.tox\py314\Lib\site-packages\homeassistant\auth\__init__.py:29: in &lt;module&gt;
    from .providers.homeassistant import HassAuthProvider
.tox\py314\Lib\site-packages\homeassistant\auth\providers\homeassistant.py:9: in &lt;module&gt;
    import bcrypt
.tox\py314\Lib\site-packages\bcrypt\__init__.py:13: in &lt;module&gt;
    from ._bcrypt import (
E   ImportError: PyO3 modules compiled for CPython 3.8 or older may only be initialized once per interpreter process</error></testcase><testcase classname="" name="tests.planner.test_milp_ev" time="0.000"><error message="collection failure">ImportError while importing test module 'C:\Users\andreas.kruger\Github\hsem\tests\planner\test_milp_ev.py'.
Hint: make sure your test modules/packages have valid Python names.
Traceback:
.tox\py314\Lib\site-packages\_pytest\python.py:508: in importtestmodule
    mod = import_path(
.tox\py314\Lib\site-packages\_pytest\pathlib.py:596: in import_path
    importlib.import_module(module_name)
..\..\.pyenv\pyenv-win\versions\3.14.2\Lib\importlib\__init__.py:88: in import_module
    return _bootstrap._gcd_import(name[level:], package, level)
           ^^^^^^^^^^^^^^^^^^^^^^^^^^^^^^^^^^^^^^^^^^^^^^^^^^^^
&lt;frozen importlib._bootstrap&gt;:1398: in _gcd_import
    ???
&lt;frozen importlib._bootstrap&gt;:1371: in _find_and_load
    ???
&lt;frozen importlib._bootstrap&gt;:1342: in _find_and_load_unlocked
    ???
&lt;frozen importlib._bootstrap&gt;:938: in _load_unlocked
    ???
.tox\py314\Lib\site-packages\_pytest\assertion\rewrite.py:188: in exec_module
    exec(co, module.__dict__)
tests\planner\test_milp_ev.py:20: in &lt;module&gt;
    from custom_components.hsem.models.ev_config import EVConfig
custom_components\__init__.py:1: in &lt;module&gt;
    from custom_components.hsem.utils.logger import HSEM_LOGGER as _LOGGER
custom_components\hsem\__init__.py:13: in &lt;module&gt;
    from homeassistant.config_entries import ConfigEntry
.tox\py314\Lib\site-packages\homeassistant\config_entries.py:78: in &lt;module&gt;
    from .setup import (
.tox\py314\Lib\site-packages\homeassistant\setup.py:15: in &lt;module&gt;
    from . import config as conf_util, core, loader, requirements
.tox\py314\Lib\site-packages\homeassistant\config.py:25: in &lt;module&gt;
    from .core_config import _PACKAGE_DEFINITION_SCHEMA, _PACKAGES_CONFIG_SCHEMA
.tox\py314\Lib\site-packages\homeassistant\core_config.py:17: in &lt;module&gt;
    from . import auth
.tox\py314\Lib\site-packages\homeassistant\auth\__init__.py:29: in &lt;module&gt;
    from .providers.homeassistant import HassAuthProvider
.tox\py314\Lib\site-packages\homeassistant\auth\providers\homeassistant.py:9: in &lt;module&gt;
    import bcrypt
.tox\py314\Lib\site-packages\bcrypt\__init__.py:13: in &lt;module&gt;
    from ._bcrypt import (
E   ImportError: PyO3 modules compiled for CPython 3.8 or older may only be initialized once per interpreter process</error></testcase><testcase classname="" name="tests.planner.test_milp_optimizer" time="0.000"><error message="collection failure">ImportError while importing test module 'C:\Users\andreas.kruger\Github\hsem\tests\planner\test_milp_optimizer.py'.
Hint: make sure your test modules/packages have valid Python names.
Traceback:
.tox\py314\Lib\site-packages\_pytest\python.py:508: in importtestmodule
    mod = import_path(
.tox\py314\Lib\site-packages\_pytest\pathlib.py:596: in import_path
    importlib.import_module(module_name)
..\..\.pyenv\pyenv-win\versions\3.14.2\Lib\importlib\__init__.py:88: in import_module
    return _bootstrap._gcd_import(name[level:], package, level)
           ^^^^^^^^^^^^^^^^^^^^^^^^^^^^^^^^^^^^^^^^^^^^^^^^^^^^
&lt;frozen importlib._bootstrap&gt;:1398: in _gcd_import
    ???
&lt;frozen importlib._bootstrap&gt;:1371: in _find_and_load
    ???
&lt;frozen importlib._bootstrap&gt;:1342: in _find_and_load_unlocked
    ???
&lt;frozen importlib._bootstrap&gt;:938: in _load_unlocked
    ???
.tox\py314\Lib\site-packages\_pytest\assertion\rewrite.py:188: in exec_module
    exec(co, module.__dict__)
tests\planner\test_milp_optimizer.py:25: in &lt;module&gt;
    from custom_components.hsem.models.ev_config import EVConfig
custom_components\__init__.py:1: in &lt;module&gt;
    from custom_components.hsem.utils.logger import HSEM_LOGGER as _LOGGER
custom_components\hsem\__init__.py:13: in &lt;module&gt;
    from homeassistant.config_entries import ConfigEntry
.tox\py314\Lib\site-packages\homeassistant\config_entries.py:78: in &lt;module&gt;
    from .setup import (
.tox\py314\Lib\site-packages\homeassistant\setup.py:15: in &lt;module&gt;
    from . import config as conf_util, core, loader, requirements
.tox\py314\Lib\site-packages\homeassistant\config.py:25: in &lt;module&gt;
    from .core_config import _PACKAGE_DEFINITION_SCHEMA, _PACKAGES_CONFIG_SCHEMA
.tox\py314\Lib\site-packages\homeassistant\core_config.py:17: in &lt;module&gt;
    from . import auth
.tox\py314\Lib\site-packages\homeassistant\auth\__init__.py:29: in &lt;module&gt;
    from .providers.homeassistant import HassAuthProvider
.tox\py314\Lib\site-packages\homeassistant\auth\providers\homeassistant.py:9: in &lt;module&gt;
    import bcrypt
.tox\py314\Lib\site-packages\bcrypt\__init__.py:13: in &lt;module&gt;
    from ._bcrypt import (
E   ImportError: PyO3 modules compiled for CPython 3.8 or older may only be initialized once per interpreter process</error></testcase><testcase classname="" name="tests.planner.test_missing_tomorrow_data" time="0.000"><error message="collection failure">ImportError while importing test module 'C:\Users\andreas.kruger\Github\hsem\tests\planner\test_missing_tomorrow_data.py'.
Hint: make sure your test modules/packages have valid Python names.
Traceback:
.tox\py314\Lib\site-packages\_pytest\python.py:508: in importtestmodule
    mod = import_path(
.tox\py314\Lib\site-packages\_pytest\pathlib.py:596: in import_path
    importlib.import_module(module_name)
..\..\.pyenv\pyenv-win\versions\3.14.2\Lib\importlib\__init__.py:88: in import_module
    return _bootstrap._gcd_import(name[level:], package, level)
           ^^^^^^^^^^^^^^^^^^^^^^^^^^^^^^^^^^^^^^^^^^^^^^^^^^^^
&lt;frozen importlib._bootstrap&gt;:1398: in _gcd_import
    ???
&lt;frozen importlib._bootstrap&gt;:1371: in _find_and_load
    ???
&lt;frozen importlib._bootstrap&gt;:1342: in _find_and_load_unlocked
    ???
&lt;frozen importlib._bootstrap&gt;:938: in _load_unlocked
    ???
.tox\py314\Lib\site-packages\_pytest\assertion\rewrite.py:188: in exec_module
    exec(co, module.__dict__)
tests\planner\test_missing_tomorrow_data.py:19: in &lt;module&gt;
    from custom_components.hsem.models.data_quality import DataQuality
custom_components\__init__.py:1: in &lt;module&gt;
    from custom_components.hsem.utils.logger import HSEM_LOGGER as _LOGGER
custom_components\hsem\__init__.py:13: in &lt;module&gt;
    from homeassistant.config_entries import ConfigEntry
.tox\py314\Lib\site-packages\homeassistant\config_entries.py:78: in &lt;module&gt;
    from .setup import (
.tox\py314\Lib\site-packages\homeassistant\setup.py:15: in &lt;module&gt;
    from . import config as conf_util, core, loader, requirements
.tox\py314\Lib\site-packages\homeassistant\config.py:25: in &lt;module&gt;
    from .core_config import _PACKAGE_DEFINITION_SCHEMA, _PACKAGES_CONFIG_SCHEMA
.tox\py314\Lib\site-packages\homeassistant\core_config.py:17: in &lt;module&gt;
    from . import auth
.tox\py314\Lib\site-packages\homeassistant\auth\__init__.py:29: in &lt;module&gt;
    from .providers.homeassistant import HassAuthProvider
.tox\py314\Lib\site-packages\homeassistant\auth\providers\homeassistant.py:9: in &lt;module&gt;
    import bcrypt
.tox\py314\Lib\site-packages\bcrypt\__init__.py:13: in &lt;module&gt;
    from ._bcrypt import (
E   ImportError: PyO3 modules compiled for CPython 3.8 or older may only be initialized once per interpreter process</error></testcase><testcase classname="" name="tests.planner.test_multi_day_price_preservation" time="0.000"><error message="collection failure">ImportError while importing test module 'C:\Users\andreas.kruger\Github\hsem\tests\planner\test_multi_day_price_preservation.py'.
Hint: make sure your test modules/packages have valid Python names.
Traceback:
.tox\py314\Lib\site-packages\_pytest\python.py:508: in importtestmodule
    mod = import_path(
.tox\py314\Lib\site-packages\_pytest\pathlib.py:596: in import_path
    importlib.import_module(module_name)
..\..\.pyenv\pyenv-win\versions\3.14.2\Lib\importlib\__init__.py:88: in import_module
    return _bootstrap._gcd_import(name[level:], package, level)
           ^^^^^^^^^^^^^^^^^^^^^^^^^^^^^^^^^^^^^^^^^^^^^^^^^^^^
&lt;frozen importlib._bootstrap&gt;:1398: in _gcd_import
    ???
&lt;frozen importlib._bootstrap&gt;:1371: in _find_and_load
    ???
&lt;frozen importlib._bootstrap&gt;:1342: in _find_and_load_unlocked
    ???
&lt;frozen importlib._bootstrap&gt;:938: in _load_unlocked
    ???
.tox\py314\Lib\site-packages\_pytest\assertion\rewrite.py:188: in exec_module
    exec(co, module.__dict__)
tests\planner\test_multi_day_price_preservation.py:33: in &lt;module&gt;
    from custom_components.hsem.models.battery_schedule_input import BatteryScheduleInput
custom_components\__init__.py:1: in &lt;module&gt;
    from custom_components.hsem.utils.logger import HSEM_LOGGER as _LOGGER
custom_components\hsem\__init__.py:13: in &lt;module&gt;
    from homeassistant.config_entries import ConfigEntry
.tox\py314\Lib\site-packages\homeassistant\config_entries.py:78: in &lt;module&gt;
    from .setup import (
.tox\py314\Lib\site-packages\homeassistant\setup.py:15: in &lt;module&gt;
    from . import config as conf_util, core, loader, requirements
.tox\py314\Lib\site-packages\homeassistant\config.py:25: in &lt;module&gt;
    from .core_config import _PACKAGE_DEFINITION_SCHEMA, _PACKAGES_CONFIG_SCHEMA
.tox\py314\Lib\site-packages\homeassistant\core_config.py:17: in &lt;module&gt;
    from . import auth
.tox\py314\Lib\site-packages\homeassistant\auth\__init__.py:29: in &lt;module&gt;
    from .providers.homeassistant import HassAuthProvider
.tox\py314\Lib\site-packages\homeassistant\auth\providers\homeassistant.py:9: in &lt;module&gt;
    import bcrypt
.tox\py314\Lib\site-packages\bcrypt\__init__.py:13: in &lt;module&gt;
    from ._bcrypt import (
E   ImportError: PyO3 modules compiled for CPython 3.8 or older may only be initialized once per interpreter process</error></testcase><testcase classname="" name="tests.planner.test_plan_explanation" time="0.000"><error message="collection failure">ImportError while importing test module 'C:\Users\andreas.kruger\Github\hsem\tests\planner\test_plan_explanation.py'.
Hint: make sure your test modules/packages have valid Python names.
Traceback:
.tox\py314\Lib\site-packages\_pytest\python.py:508: in importtestmodule
    mod = import_path(
.tox\py314\Lib\site-packages\_pytest\pathlib.py:596: in import_path
    importlib.import_module(module_name)
..\..\.pyenv\pyenv-win\versions\3.14.2\Lib\importlib\__init__.py:88: in import_module
    return _bootstrap._gcd_import(name[level:], package, level)
           ^^^^^^^^^^^^^^^^^^^^^^^^^^^^^^^^^^^^^^^^^^^^^^^^^^^^
&lt;frozen importlib._bootstrap&gt;:1398: in _gcd_import
    ???
&lt;frozen importlib._bootstrap&gt;:1371: in _find_and_load
    ???
&lt;frozen importlib._bootstrap&gt;:1342: in _find_and_load_unlocked
    ???
&lt;frozen importlib._bootstrap&gt;:938: in _load_unlocked
    ???
.tox\py314\Lib\site-packages\_pytest\assertion\rewrite.py:188: in exec_module
    exec(co, module.__dict__)
tests\planner\test_plan_explanation.py:23: in &lt;module&gt;
    from custom_components.hsem.models.plan_explanation import PlanExplanation
custom_components\__init__.py:1: in &lt;module&gt;
    from custom_components.hsem.utils.logger import HSEM_LOGGER as _LOGGER
custom_components\hsem\__init__.py:13: in &lt;module&gt;
    from homeassistant.config_entries import ConfigEntry
.tox\py314\Lib\site-packages\homeassistant\config_entries.py:78: in &lt;module&gt;
    from .setup import (
.tox\py314\Lib\site-packages\homeassistant\setup.py:15: in &lt;module&gt;
    from . import config as conf_util, core, loader, requirements
.tox\py314\Lib\site-packages\homeassistant\config.py:25: in &lt;module&gt;
    from .core_config import _PACKAGE_DEFINITION_SCHEMA, _PACKAGES_CONFIG_SCHEMA
.tox\py314\Lib\site-packages\homeassistant\core_config.py:17: in &lt;module&gt;
    from . import auth
.tox\py314\Lib\site-packages\homeassistant\auth\__init__.py:29: in &lt;module&gt;
    from .providers.homeassistant import HassAuthProvider
.tox\py314\Lib\site-packages\homeassistant\auth\providers\homeassistant.py:9: in &lt;module&gt;
    import bcrypt
.tox\py314\Lib\site-packages\bcrypt\__init__.py:13: in &lt;module&gt;
    from ._bcrypt import (
E   ImportError: PyO3 modules compiled for CPython 3.8 or older may only be initialized once per interpreter process</error></testcase><testcase classname="" name="tests.planner.test_planner_harness" time="0.000"><error message="collection failure">ImportError while importing test module 'C:\Users\andreas.kruger\Github\hsem\tests\planner\test_planner_harness.py'.
Hint: make sure your test modules/packages have valid Python names.
Traceback:
.tox\py314\Lib\site-packages\_pytest\python.py:508: in importtestmodule
    mod = import_path(
.tox\py314\Lib\site-packages\_pytest\pathlib.py:596: in import_path
    importlib.import_module(module_name)
..\..\.pyenv\pyenv-win\versions\3.14.2\Lib\importlib\__init__.py:88: in import_module
    return _bootstrap._gcd_import(name[level:], package, level)
           ^^^^^^^^^^^^^^^^^^^^^^^^^^^^^^^^^^^^^^^^^^^^^^^^^^^^
&lt;frozen importlib._bootstrap&gt;:1398: in _gcd_import
    ???
&lt;frozen importlib._bootstrap&gt;:1371: in _find_and_load
    ???
&lt;frozen importlib._bootstrap&gt;:1342: in _find_and_load_unlocked
    ???
&lt;frozen importlib._bootstrap&gt;:938: in _load_unlocked
    ???
.tox\py314\Lib\site-packages\_pytest\assertion\rewrite.py:188: in exec_module
    exec(co, module.__dict__)
tests\planner\test_planner_harness.py:20: in &lt;module&gt;
    from custom_components.hsem.models.battery_schedule_input import BatteryScheduleInput
custom_components\__init__.py:1: in &lt;module&gt;
    from custom_components.hsem.utils.logger import HSEM_LOGGER as _LOGGER
custom_components\hsem\__init__.py:13: in &lt;module&gt;
    from homeassistant.config_entries import ConfigEntry
.tox\py314\Lib\site-packages\homeassistant\config_entries.py:78: in &lt;module&gt;
    from .setup import (
.tox\py314\Lib\site-packages\homeassistant\setup.py:15: in &lt;module&gt;
    from . import config as conf_util, core, loader, requirements
.tox\py314\Lib\site-packages\homeassistant\config.py:25: in &lt;module&gt;
    from .core_config import _PACKAGE_DEFINITION_SCHEMA, _PACKAGES_CONFIG_SCHEMA
.tox\py314\Lib\site-packages\homeassistant\core_config.py:17: in &lt;module&gt;
    from . import auth
.tox\py314\Lib\site-packages\homeassistant\auth\__init__.py:29: in &lt;module&gt;
    from .providers.homeassistant import HassAuthProvider
.tox\py314\Lib\site-packages\homeassistant\auth\providers\homeassistant.py:9: in &lt;module&gt;
    import bcrypt
.tox\py314\Lib\site-packages\bcrypt\__init__.py:13: in &lt;module&gt;
    from ._bcrypt import (
E   ImportError: PyO3 modules compiled for CPython 3.8 or older may only be initialized once per interpreter process</error></testcase><testcase classname="" name="tests.planner.test_planning_horizon" time="0.000"><error message="collection failure">ImportError while importing test module 'C:\Users\andreas.kruger\Github\hsem\tests\planner\test_planning_horizon.py'.
Hint: make sure your test modules/packages have valid Python names.
Traceback:
.tox\py314\Lib\site-packages\_pytest\python.py:508: in importtestmodule
    mod = import_path(
.tox\py314\Lib\site-packages\_pytest\pathlib.py:596: in import_path
    importlib.import_module(module_name)
..\..\.pyenv\pyenv-win\versions\3.14.2\Lib\importlib\__init__.py:88: in import_module
    return _bootstrap._gcd_import(name[level:], package, level)
           ^^^^^^^^^^^^^^^^^^^^^^^^^^^^^^^^^^^^^^^^^^^^^^^^^^^^
&lt;frozen importlib._bootstrap&gt;:1398: in _gcd_import
    ???
&lt;frozen importlib._bootstrap&gt;:1371: in _find_and_load
    ???
&lt;frozen importlib._bootstrap&gt;:1342: in _find_and_load_unlocked
    ???
&lt;frozen importlib._bootstrap&gt;:938: in _load_unlocked
    ???
.tox\py314\Lib\site-packages\_pytest\assertion\rewrite.py:188: in exec_module
    exec(co, module.__dict__)
tests\planner\test_planning_horizon.py:21: in &lt;module&gt;
    from custom_components.hsem.models.battery_schedule_input import BatteryScheduleInput
custom_components\__init__.py:1: in &lt;module&gt;
    from custom_components.hsem.utils.logger import HSEM_LOGGER as _LOGGER
custom_components\hsem\__init__.py:13: in &lt;module&gt;
    from homeassistant.config_entries import ConfigEntry
.tox\py314\Lib\site-packages\homeassistant\config_entries.py:78: in &lt;module&gt;
    from .setup import (
.tox\py314\Lib\site-packages\homeassistant\setup.py:15: in &lt;module&gt;
    from . import config as conf_util, core, loader, requirements
.tox\py314\Lib\site-packages\homeassistant\config.py:25: in &lt;module&gt;
    from .core_config import _PACKAGE_DEFINITION_SCHEMA, _PACKAGES_CONFIG_SCHEMA
.tox\py314\Lib\site-packages\homeassistant\core_config.py:17: in &lt;module&gt;
    from . import auth
.tox\py314\Lib\site-packages\homeassistant\auth\__init__.py:29: in &lt;module&gt;
    from .providers.homeassistant import HassAuthProvider
.tox\py314\Lib\site-packages\homeassistant\auth\providers\homeassistant.py:9: in &lt;module&gt;
    import bcrypt
.tox\py314\Lib\site-packages\bcrypt\__init__.py:13: in &lt;module&gt;
    from ._bcrypt import (
E   ImportError: PyO3 modules compiled for CPython 3.8 or older may only be initialized once per interpreter process</error></testcase><testcase classname="" name="tests.planner.test_roundtrip_efficiency" time="0.000"><error message="collection failure">ImportError while importing test module 'C:\Users\andreas.kruger\Github\hsem\tests\planner\test_roundtrip_efficiency.py'.
Hint: make sure your test modules/packages have valid Python names.
Traceback:
.tox\py314\Lib\site-packages\_pytest\python.py:508: in importtestmodule
    mod = import_path(
.tox\py314\Lib\site-packages\_pytest\pathlib.py:596: in import_path
    importlib.import_module(module_name)
..\..\.pyenv\pyenv-win\versions\3.14.2\Lib\importlib\__init__.py:88: in import_module
    return _bootstrap._gcd_import(name[level:], package, level)
           ^^^^^^^^^^^^^^^^^^^^^^^^^^^^^^^^^^^^^^^^^^^^^^^^^^^^
&lt;frozen importlib._bootstrap&gt;:1398: in _gcd_import
    ???
&lt;frozen importlib._bootstrap&gt;:1371: in _find_and_load
    ???
&lt;frozen importlib._bootstrap&gt;:1342: in _find_and_load_unlocked
    ???
&lt;frozen importlib._bootstrap&gt;:938: in _load_unlocked
    ???
.tox\py314\Lib\site-packages\_pytest\assertion\rewrite.py:188: in exec_module
    exec(co, module.__dict__)
tests\planner\test_roundtrip_efficiency.py:19: in &lt;module&gt;
    from custom_components.hsem.models.planned_slot import PlannedSlot
custom_components\__init__.py:1: in &lt;module&gt;
    from custom_components.hsem.utils.logger import HSEM_LOGGER as _LOGGER
custom_components\hsem\__init__.py:13: in &lt;module&gt;
    from homeassistant.config_entries import ConfigEntry
.tox\py314\Lib\site-packages\homeassistant\config_entries.py:78: in &lt;module&gt;
    from .setup import (
.tox\py314\Lib\site-packages\homeassistant\setup.py:15: in &lt;module&gt;
    from . import config as conf_util, core, loader, requirements
.tox\py314\Lib\site-packages\homeassistant\config.py:25: in &lt;module&gt;
    from .core_config import _PACKAGE_DEFINITION_SCHEMA, _PACKAGES_CONFIG_SCHEMA
.tox\py314\Lib\site-packages\homeassistant\core_config.py:17: in &lt;module&gt;
    from . import auth
.tox\py314\Lib\site-packages\homeassistant\auth\__init__.py:29: in &lt;module&gt;
    from .providers.homeassistant import HassAuthProvider
.tox\py314\Lib\site-packages\homeassistant\auth\providers\homeassistant.py:9: in &lt;module&gt;
    import bcrypt
.tox\py314\Lib\site-packages\bcrypt\__init__.py:13: in &lt;module&gt;
    from ._bcrypt import (
E   ImportError: PyO3 modules compiled for CPython 3.8 or older may only be initialized once per interpreter process</error></testcase><testcase classname="" name="tests.planner.test_session_ev" time="0.000"><error message="collection failure">ImportError while importing test module 'C:\Users\andreas.kruger\Github\hsem\tests\planner\test_session_ev.py'.
Hint: make sure your test modules/packages have valid Python names.
Traceback:
.tox\py314\Lib\site-packages\_pytest\python.py:508: in importtestmodule
    mod = import_path(
.tox\py314\Lib\site-packages\_pytest\pathlib.py:596: in import_path
    importlib.import_module(module_name)
..\..\.pyenv\pyenv-win\versions\3.14.2\Lib\importlib\__init__.py:88: in import_module
    return _bootstrap._gcd_import(name[level:], package, level)
           ^^^^^^^^^^^^^^^^^^^^^^^^^^^^^^^^^^^^^^^^^^^^^^^^^^^^
&lt;frozen importlib._bootstrap&gt;:1398: in _gcd_import
    ???
&lt;frozen importlib._bootstrap&gt;:1371: in _find_and_load
    ???
&lt;frozen importlib._bootstrap&gt;:1342: in _find_and_load_unlocked
    ???
&lt;frozen importlib._bootstrap&gt;:938: in _load_unlocked
    ???
.tox\py314\Lib\site-packages\_pytest\assertion\rewrite.py:188: in exec_module
    exec(co, module.__dict__)
tests\planner\test_session_ev.py:17: in &lt;module&gt;
    from custom_components.hsem.models.ev_config import EVConfig
custom_components\__init__.py:1: in &lt;module&gt;
    from custom_components.hsem.utils.logger import HSEM_LOGGER as _LOGGER
custom_components\hsem\__init__.py:13: in &lt;module&gt;
    from homeassistant.config_entries import ConfigEntry
.tox\py314\Lib\site-packages\homeassistant\config_entries.py:78: in &lt;module&gt;
    from .setup import (
.tox\py314\Lib\site-packages\homeassistant\setup.py:15: in &lt;module&gt;
    from . import config as conf_util, core, loader, requirements
.tox\py314\Lib\site-packages\homeassistant\config.py:25: in &lt;module&gt;
    from .core_config import _PACKAGE_DEFINITION_SCHEMA, _PACKAGES_CONFIG_SCHEMA
.tox\py314\Lib\site-packages\homeassistant\core_config.py:17: in &lt;module&gt;
    from . import auth
.tox\py314\Lib\site-packages\homeassistant\auth\__init__.py:29: in &lt;module&gt;
    from .providers.homeassistant import HassAuthProvider
.tox\py314\Lib\site-packages\homeassistant\auth\providers\homeassistant.py:9: in &lt;module&gt;
    import bcrypt
.tox\py314\Lib\site-packages\bcrypt\__init__.py:13: in &lt;module&gt;
    from ._bcrypt import (
E   ImportError: PyO3 modules compiled for CPython 3.8 or older may only be initialized once per interpreter process</error></testcase><testcase classname="" name="tests.planner.test_slot_ownership" time="0.000"><error message="collection failure">ImportError while importing test module 'C:\Users\andreas.kruger\Github\hsem\tests\planner\test_slot_ownership.py'.
Hint: make sure your test modules/packages have valid Python names.
Traceback:
.tox\py314\Lib\site-packages\_pytest\python.py:508: in importtestmodule
    mod = import_path(
.tox\py314\Lib\site-packages\_pytest\pathlib.py:596: in import_path
    importlib.import_module(module_name)
..\..\.pyenv\pyenv-win\versions\3.14.2\Lib\importlib\__init__.py:88: in import_module
    return _bootstrap._gcd_import(name[level:], package, level)
           ^^^^^^^^^^^^^^^^^^^^^^^^^^^^^^^^^^^^^^^^^^^^^^^^^^^^
&lt;frozen importlib._bootstrap&gt;:1398: in _gcd_import
    ???
&lt;frozen importlib._bootstrap&gt;:1371: in _find_and_load
    ???
&lt;frozen importlib._bootstrap&gt;:1342: in _find_and_load_unlocked
    ???
&lt;frozen importlib._bootstrap&gt;:938: in _load_unlocked
    ???
.tox\py314\Lib\site-packages\_pytest\assertion\rewrite.py:188: in exec_module
    exec(co, module.__dict__)
tests\planner\test_slot_ownership.py:42: in &lt;module&gt;
    from custom_components.hsem.custom_sensors.recommendation_resolver import (
custom_components\__init__.py:1: in &lt;module&gt;
    from custom_components.hsem.utils.logger import HSEM_LOGGER as _LOGGER
custom_components\hsem\__init__.py:13: in &lt;module&gt;
    from homeassistant.config_entries import ConfigEntry
.tox\py314\Lib\site-packages\homeassistant\config_entries.py:78: in &lt;module&gt;
    from .setup import (
.tox\py314\Lib\site-packages\homeassistant\setup.py:15: in &lt;module&gt;
    from . import config as conf_util, core, loader, requirements
.tox\py314\Lib\site-packages\homeassistant\config.py:25: in &lt;module&gt;
    from .core_config import _PACKAGE_DEFINITION_SCHEMA, _PACKAGES_CONFIG_SCHEMA
.tox\py314\Lib\site-packages\homeassistant\core_config.py:17: in &lt;module&gt;
    from . import auth
.tox\py314\Lib\site-packages\homeassistant\auth\__init__.py:29: in &lt;module&gt;
    from .providers.homeassistant import HassAuthProvider
.tox\py314\Lib\site-packages\homeassistant\auth\providers\homeassistant.py:9: in &lt;module&gt;
    import bcrypt
.tox\py314\Lib\site-packages\bcrypt\__init__.py:13: in &lt;module&gt;
    from ._bcrypt import (
E   ImportError: PyO3 modules compiled for CPython 3.8 or older may only be initialized once per interpreter process</error></testcase><testcase classname="" name="tests.planner.test_soc_simulation" time="0.000"><error message="collection failure">ImportError while importing test module 'C:\Users\andreas.kruger\Github\hsem\tests\planner\test_soc_simulation.py'.
Hint: make sure your test modules/packages have valid Python names.
Traceback:
.tox\py314\Lib\site-packages\_pytest\python.py:508: in importtestmodule
    mod = import_path(
.tox\py314\Lib\site-packages\_pytest\pathlib.py:596: in import_path
    importlib.import_module(module_name)
..\..\.pyenv\pyenv-win\versions\3.14.2\Lib\importlib\__init__.py:88: in import_module
    return _bootstrap._gcd_import(name[level:], package, level)
           ^^^^^^^^^^^^^^^^^^^^^^^^^^^^^^^^^^^^^^^^^^^^^^^^^^^^
&lt;frozen importlib._bootstrap&gt;:1398: in _gcd_import
    ???
&lt;frozen importlib._bootstrap&gt;:1371: in _find_and_load
    ???
&lt;frozen importlib._bootstrap&gt;:1342: in _find_and_load_unlocked
    ???
&lt;frozen importlib._bootstrap&gt;:938: in _load_unlocked
    ???
.tox\py314\Lib\site-packages\_pytest\assertion\rewrite.py:188: in exec_module
    exec(co, module.__dict__)
tests\planner\test_soc_simulation.py:23: in &lt;module&gt;
    from custom_components.hsem.models.battery_schedule_input import BatteryScheduleInput
custom_components\__init__.py:1: in &lt;module&gt;
    from custom_components.hsem.utils.logger import HSEM_LOGGER as _LOGGER
custom_components\hsem\__init__.py:13: in &lt;module&gt;
    from homeassistant.config_entries import ConfigEntry
.tox\py314\Lib\site-packages\homeassistant\config_entries.py:78: in &lt;module&gt;
    from .setup import (
.tox\py314\Lib\site-packages\homeassistant\setup.py:15: in &lt;module&gt;
    from . import config as conf_util, core, loader, requirements
.tox\py314\Lib\site-packages\homeassistant\config.py:25: in &lt;module&gt;
    from .core_config import _PACKAGE_DEFINITION_SCHEMA, _PACKAGES_CONFIG_SCHEMA
.tox\py314\Lib\site-packages\homeassistant\core_config.py:17: in &lt;module&gt;
    from . import auth
.tox\py314\Lib\site-packages\homeassistant\auth\__init__.py:29: in &lt;module&gt;
    from .providers.homeassistant import HassAuthProvider
.tox\py314\Lib\site-packages\homeassistant\auth\providers\homeassistant.py:9: in &lt;module&gt;
    import bcrypt
.tox\py314\Lib\site-packages\bcrypt\__init__.py:13: in &lt;module&gt;
    from ._bcrypt import (
E   ImportError: PyO3 modules compiled for CPython 3.8 or older may only be initialized once per interpreter process</error></testcase><testcase classname="" name="tests.planner.test_solar_charge_no_double_count" time="0.000"><error message="collection failure">ImportError while importing test module 'C:\Users\andreas.kruger\Github\hsem\tests\planner\test_solar_charge_no_double_count.py'.
Hint: make sure your test modules/packages have valid Python names.
Traceback:
.tox\py314\Lib\site-packages\_pytest\python.py:508: in importtestmodule
    mod = import_path(
.tox\py314\Lib\site-packages\_pytest\pathlib.py:596: in import_path
    importlib.import_module(module_name)
..\..\.pyenv\pyenv-win\versions\3.14.2\Lib\importlib\__init__.py:88: in import_module
    return _bootstrap._gcd_import(name[level:], package, level)
           ^^^^^^^^^^^^^^^^^^^^^^^^^^^^^^^^^^^^^^^^^^^^^^^^^^^^
&lt;frozen importlib._bootstrap&gt;:1398: in _gcd_import
    ???
&lt;frozen importlib._bootstrap&gt;:1371: in _find_and_load
    ???
&lt;frozen importlib._bootstrap&gt;:1342: in _find_and_load_unlocked
    ???
&lt;frozen importlib._bootstrap&gt;:938: in _load_unlocked
    ???
.tox\py314\Lib\site-packages\_pytest\assertion\rewrite.py:188: in exec_module
    exec(co, module.__dict__)
tests\planner\test_solar_charge_no_double_count.py:27: in &lt;module&gt;
    from custom_components.hsem.models.battery_schedule_input import BatteryScheduleInput
custom_components\__init__.py:1: in &lt;module&gt;
    from custom_components.hsem.utils.logger import HSEM_LOGGER as _LOGGER
custom_components\hsem\__init__.py:13: in &lt;module&gt;
    from homeassistant.config_entries import ConfigEntry
.tox\py314\Lib\site-packages\homeassistant\config_entries.py:78: in &lt;module&gt;
    from .setup import (
.tox\py314\Lib\site-packages\homeassistant\setup.py:15: in &lt;module&gt;
    from . import config as conf_util, core, loader, requirements
.tox\py314\Lib\site-packages\homeassistant\config.py:25: in &lt;module&gt;
    from .core_config import _PACKAGE_DEFINITION_SCHEMA, _PACKAGES_CONFIG_SCHEMA
.tox\py314\Lib\site-packages\homeassistant\core_config.py:17: in &lt;module&gt;
    from . import auth
.tox\py314\Lib\site-packages\homeassistant\auth\__init__.py:29: in &lt;module&gt;
    from .providers.homeassistant import HassAuthProvider
.tox\py314\Lib\site-packages\homeassistant\auth\providers\homeassistant.py:9: in &lt;module&gt;
    import bcrypt
.tox\py314\Lib\site-packages\bcrypt\__init__.py:13: in &lt;module&gt;
    from ._bcrypt import (
E   ImportError: PyO3 modules compiled for CPython 3.8 or older may only be initialized once per interpreter process</error></testcase><testcase classname="" name="tests.planner.test_window_hysteresis" time="0.000"><error message="collection failure">ImportError while importing test module 'C:\Users\andreas.kruger\Github\hsem\tests\planner\test_window_hysteresis.py'.
Hint: make sure your test modules/packages have valid Python names.
Traceback:
.tox\py314\Lib\site-packages\_pytest\python.py:508: in importtestmodule
    mod = import_path(
.tox\py314\Lib\site-packages\_pytest\pathlib.py:596: in import_path
    importlib.import_module(module_name)
..\..\.pyenv\pyenv-win\versions\3.14.2\Lib\importlib\__init__.py:88: in import_module
    return _bootstrap._gcd_import(name[level:], package, level)
           ^^^^^^^^^^^^^^^^^^^^^^^^^^^^^^^^^^^^^^^^^^^^^^^^^^^^
&lt;frozen importlib._bootstrap&gt;:1398: in _gcd_import
    ???
&lt;frozen importlib._bootstrap&gt;:1371: in _find_and_load
    ???
&lt;frozen importlib._bootstrap&gt;:1342: in _find_and_load_unlocked
    ???
&lt;frozen importlib._bootstrap&gt;:938: in _load_unlocked
    ???
.tox\py314\Lib\site-packages\_pytest\assertion\rewrite.py:188: in exec_module
    exec(co, module.__dict__)
tests\planner\test_window_hysteresis.py:24: in &lt;module&gt;
    from custom_components.hsem.planner.charge_scheduler import apply_window_hysteresis
custom_components\__init__.py:1: in &lt;module&gt;
    from custom_components.hsem.utils.logger import HSEM_LOGGER as _LOGGER
custom_components\hsem\__init__.py:13: in &lt;module&gt;
    from homeassistant.config_entries import ConfigEntry
.tox\py314\Lib\site-packages\homeassistant\config_entries.py:78: in &lt;module&gt;
    from .setup import (
.tox\py314\Lib\site-packages\homeassistant\setup.py:15: in &lt;module&gt;
    from . import config as conf_util, core, loader, requirements
.tox\py314\Lib\site-packages\homeassistant\config.py:25: in &lt;module&gt;
    from .core_config import _PACKAGE_DEFINITION_SCHEMA, _PACKAGES_CONFIG_SCHEMA
.tox\py314\Lib\site-packages\homeassistant\core_config.py:17: in &lt;module&gt;
    from . import auth
.tox\py314\Lib\site-packages\homeassistant\auth\__init__.py:29: in &lt;module&gt;
    from .providers.homeassistant import HassAuthProvider
.tox\py314\Lib\site-packages\homeassistant\auth\providers\homeassistant.py:9: in &lt;module&gt;
    import bcrypt
.tox\py314\Lib\site-packages\bcrypt\__init__.py:13: in &lt;module&gt;
    from ._bcrypt import (
[...]
    import bcrypt
.tox\py314\Lib\site-packages\bcrypt\__init__.py:13: in &lt;module&gt;
    from ._bcrypt import (
E   ImportError: PyO3 modules compiled for CPython 3.8 or older may only be initialized once per interpreter process</error></testcase><testcase classname="" name="tests.test_time_series_model" time="0.000"><error message="collection failure">ImportError while importing test module 'C:\Users\andreas.kruger\Github\hsem\tests\test_time_series_model.py'.
Hint: make sure your test modules/packages have valid Python names.
Traceback:
.tox\py314\Lib\site-packages\_pytest\python.py:508: in importtestmodule
    mod = import_path(
.tox\py314\Lib\site-packages\_pytest\pathlib.py:596: in import_path
    importlib.import_module(module_name)
..\..\.pyenv\pyenv-win\versions\3.14.2\Lib\importlib\__init__.py:88: in import_module
    return _bootstrap._gcd_import(name[level:], package, level)
           ^^^^^^^^^^^^^^^^^^^^^^^^^^^^^^^^^^^^^^^^^^^^^^^^^^^^
&lt;frozen importlib._bootstrap&gt;:1398: in _gcd_import
    ???
&lt;frozen importlib._bootstrap&gt;:1371: in _find_and_load
    ???
&lt;frozen importlib._bootstrap&gt;:1342: in _find_and_load_unlocked
    ???
&lt;frozen importlib._bootstrap&gt;:938: in _load_unlocked
    ???
.tox\py314\Lib\site-packages\_pytest\assertion\rewrite.py:188: in exec_module
    exec(co, module.__dict__)
tests\test_time_series_model.py:30: in &lt;module&gt;
    from custom_components.hsem.models.time_series import (
custom_components\__init__.py:1: in &lt;module&gt;
    from custom_components.hsem.utils.logger import HSEM_LOGGER as _LOGGER
custom_components\hsem\__init__.py:13: in &lt;module&gt;
    from homeassistant.config_entries import ConfigEntry
.tox\py314\Lib\site-packages\homeassistant\config_entries.py:78: in &lt;module&gt;
    from .setup import (
.tox\py314\Lib\site-packages\homeassistant\setup.py:15: in &lt;module&gt;
    from . import config as conf_util, core, loader, requirements
.tox\py314\Lib\site-packages\homeassistant\config.py:25: in &lt;module&gt;
    from .core_config import _PACKAGE_DEFINITION_SCHEMA, _PACKAGES_CONFIG_SCHEMA
.tox\py314\Lib\site-packages\homeassistant\core_config.py:17: in &lt;module&gt;
    from . import auth
.tox\py314\Lib\site-packages\homeassistant\auth\__init__.py:29: in &lt;module&gt;
    from .providers.homeassistant import HassAuthProvider
.tox\py314\Lib\site-packages\homeassistant\auth\providers\homeassistant.py:9: in &lt;module&gt;
    import bcrypt
.tox\py314\Lib\site-packages\bcrypt\__init__.py:13: in &lt;module&gt;
    from ._bcrypt import (
E   ImportError: PyO3 modules compiled for CPython 3.8 or older may only be initialized once per interpreter process</error></testcase><testcase classname="" name="tests.test_unit_conversions" time="0.000"><error message="collection failure">ImportError while importing test module 'C:\Users\andreas.kruger\Github\hsem\tests\test_unit_conversions.py'.
Hint: make sure your test modules/packages have valid Python names.
Traceback:
.tox\py314\Lib\site-packages\_pytest\python.py:508: in importtestmodule
    mod = import_path(
.tox\py314\Lib\site-packages\_pytest\pathlib.py:596: in import_path
    importlib.import_module(module_name)
..\..\.pyenv\pyenv-win\versions\3.14.2\Lib\importlib\__init__.py:88: in import_module
    return _bootstrap._gcd_import(name[level:], package, level)
           ^^^^^^^^^^^^^^^^^^^^^^^^^^^^^^^^^^^^^^^^^^^^^^^^^^^^
&lt;frozen importlib._bootstrap&gt;:1398: in _gcd_import
    ???
&lt;frozen importlib._bootstrap&gt;:1371: in _find_and_load
    ???
&lt;frozen importlib._bootstrap&gt;:1342: in _find_and_load_unlocked
    ???
&lt;frozen importlib._bootstrap&gt;:938: in _load_unlocked
    ???
.tox\py314\Lib\site-packages\_pytest\assertion\rewrite.py:188: in exec_module
    exec(co, module.__dict__)
tests\test_unit_conversions.py:12: in &lt;module&gt;
    from custom_components.hsem.utils.units import (
custom_components\__init__.py:1: in &lt;module&gt;
    from custom_components.hsem.utils.logger import HSEM_LOGGER as _LOGGER
custom_components\hsem\__init__.py:13: in &lt;module&gt;
    from homeassistant.config_entries import ConfigEntry
.tox\py314\Lib\site-packages\homeassistant\config_entries.py:78: in &lt;module&gt;
    from .setup import (
.tox\py314\Lib\site-packages\homeassistant\setup.py:15: in &lt;module&gt;
    from . import config as conf_util, core, loader, requirements
.tox\py314\Lib\site-packages\homeassistant\config.py:25: in &lt;module&gt;
    from .core_config import _PACKAGE_DEFINITION_SCHEMA, _PACKAGES_CONFIG_SCHEMA
.tox\py314\Lib\site-packages\homeassistant\core_config.py:17: in &lt;module&gt;
    from . import auth
.tox\py314\Lib\site-packages\homeassistant\auth\__init__.py:29: in &lt;module&gt;
    from .providers.homeassistant import HassAuthProvider
.tox\py314\Lib\site-packages\homeassistant\auth\providers\homeassistant.py:9: in &lt;module&gt;
    import bcrypt
.tox\py314\Lib\site-packages\bcrypt\__init__.py:13: in &lt;module&gt;
    from ._bcrypt import (
E   ImportError: PyO3 modules compiled for CPython 3.8 or older may only be initialized once per interpreter process</error></testcase><testcase classname="" name="tests.test_version_comparison" time="0.000"><error message="collection failure">ImportError while importing test module 'C:\Users\andreas.kruger\Github\hsem\tests\test_version_comparison.py'.
Hint: make sure your test modules/packages have valid Python names.
Traceback:
.tox\py314\Lib\site-packages\_pytest\python.py:508: in importtestmodule
    mod = import_path(
.tox\py314\Lib\site-packages\_pytest\pathlib.py:596: in import_path
    importlib.import_module(module_name)
..\..\.pyenv\pyenv-win\versions\3.14.2\Lib\importlib\__init__.py:88: in import_module
    return _bootstrap._gcd_import(name[level:], package, level)
           ^^^^^^^^^^^^^^^^^^^^^^^^^^^^^^^^^^^^^^^^^^^^^^^^^^^^
&lt;frozen importlib._bootstrap&gt;:1398: in _gcd_import
    ???
&lt;frozen importlib._bootstrap&gt;:1371: in _find_and_load
    ???
&lt;frozen importlib._bootstrap&gt;:1342: in _find_and_load_unlocked
    ???
&lt;frozen importlib._bootstrap&gt;:938: in _load_unlocked
    ???
.tox\py314\Lib\site-packages\_pytest\assertion\rewrite.py:188: in exec_module
    exec(co, module.__dict__)
tests\test_version_comparison.py:12: in &lt;module&gt;
    from custom_components.hsem import _parse_version
custom_components\__init__.py:1: in &lt;module&gt;
    from custom_components.hsem.utils.logger import HSEM_LOGGER as _LOGGER
custom_components\hsem\__init__.py:13: in &lt;module&gt;
    from homeassistant.config_entries import ConfigEntry
.tox\py314\Lib\site-packages\homeassistant\config_entries.py:78: in &lt;module&gt;
    from .setup import (
.tox\py314\Lib\site-packages\homeassistant\setup.py:15: in &lt;module&gt;
    from . import config as conf_util, core, loader, requirements
.tox\py314\Lib\site-packages\homeassistant\config.py:25: in &lt;module&gt;
    from .core_config import _PACKAGE_DEFINITION_SCHEMA, _PACKAGES_CONFIG_SCHEMA
.tox\py314\Lib\site-packages\homeassistant\core_config.py:17: in &lt;module&gt;
    from . import auth
.tox\py314\Lib\site-packages\homeassistant\auth\__init__.py:29: in &lt;module&gt;
    from .providers.homeassistant import HassAuthProvider
.tox\py314\Lib\site-packages\homeassistant\auth\providers\homeassistant.py:9: in &lt;module&gt;
    import bcrypt
.tox\py314\Lib\site-packages\bcrypt\__init__.py:13: in &lt;module&gt;
    from ._bcrypt import (
E   ImportError: PyO3 modules compiled for CPython 3.8 or older may only be initialized once per interpreter process</error></testcase><testcase classname="" name="tests.test_working_mode_task_lifecycle" time="0.000"><error message="collection failure">ImportError while importing test module 'C:\Users\andreas.kruger\Github\hsem\tests\test_working_mode_task_lifecycle.py'.
Hint: make sure your test modules/packages have valid Python names.
Traceback:
.tox\py314\Lib\site-packages\_pytest\python.py:508: in importtestmodule
    mod = import_path(
.tox\py314\Lib\site-packages\_pytest\pathlib.py:596: in import_path
    importlib.import_module(module_name)
..\..\.pyenv\pyenv-win\versions\3.14.2\Lib\importlib\__init__.py:88: in import_module
    return _bootstrap._gcd_import(name[level:], package, level)
           ^^^^^^^^^^^^^^^^^^^^^^^^^^^^^^^^^^^^^^^^^^^^^^^^^^^^
&lt;frozen importlib._bootstrap&gt;:1398: in _gcd_import
    ???
&lt;frozen importlib._bootstrap&gt;:1371: in _find_and_load
    ???
&lt;frozen importlib._bootstrap&gt;:1342: in _find_and_load_unlocked
    ???
&lt;frozen importlib._bootstrap&gt;:938: in _load_unlocked
    ???
.tox\py314\Lib\site-packages\_pytest\assertion\rewrite.py:188: in exec_module
    exec(co, module.__dict__)
tests\test_working_mode_task_lifecycle.py:22: in &lt;module&gt;
    from custom_components.hsem.custom_sensors.working_mode_sensor import (
custom_components\__init__.py:1: in &lt;module&gt;
    from custom_components.hsem.utils.logger import HSEM_LOGGER as _LOGGER
custom_components\hsem\__init__.py:13: in &lt;module&gt;
    from homeassistant.config_entries import ConfigEntry
.tox\py314\Lib\site-packages\homeassistant\config_entries.py:78: in &lt;module&gt;
    from .setup import (
.tox\py314\Lib\site-packages\homeassistant\setup.py:15: in &lt;module&gt;
    from . import config as conf_util, core, loader, requirements
.tox\py314\Lib\site-packages\homeassistant\config.py:25: in &lt;module&gt;
    from .core_config import _PACKAGE_DEFINITION_SCHEMA, _PACKAGES_CONFIG_SCHEMA
.tox\py314\Lib\site-packages\homeassistant\core_config.py:17: in &lt;module&gt;
    from . import auth
.tox\py314\Lib\site-packages\homeassistant\auth\__init__.py:29: in &lt;module&gt;
    from .providers.homeassistant import HassAuthProvider
.tox\py314\Lib\site-packages\homeassistant\auth\providers\homeassistant.py:9: in &lt;module&gt;
    import bcrypt
.tox\py314\Lib\site-packages\bcrypt\__init__.py:13: in &lt;module&gt;
    from ._bcrypt import (
E   ImportError: PyO3 modules compiled for CPython 3.8 or older may only be initialized once per interpreter process</error></testcase><testcase classname="" name="tests.test_write_verify_applier" time="0.000"><error message="collection failure">ImportError while importing test module 'C:\Users\andreas.kruger\Github\hsem\tests\test_write_verify_applier.py'.
Hint: make sure your test modules/packages have valid Python names.
Traceback:
.tox\py314\Lib\site-packages\_pytest\python.py:508: in importtestmodule
    mod = import_path(
.tox\py314\Lib\site-packages\_pytest\pathlib.py:596: in import_path
    importlib.import_module(module_name)
..\..\.pyenv\pyenv-win\versions\3.14.2\Lib\importlib\__init__.py:88: in import_module
    return _bootstrap._gcd_import(name[level:], package, level)
           ^^^^^^^^^^^^^^^^^^^^^^^^^^^^^^^^^^^^^^^^^^^^^^^^^^^^
&lt;frozen importlib._bootstrap&gt;:1398: in _gcd_import
    ???
&lt;frozen importlib._bootstrap&gt;:1371: in _find_and_load
    ???
&lt;frozen importlib._bootstrap&gt;:1342: in _find_and_load_unlocked
    ???
&lt;frozen importlib._bootstrap&gt;:938: in _load_unlocked
    ???
.tox\py314\Lib\site-packages\_pytest\assertion\rewrite.py:188: in exec_module
    exec(co, module.__dict__)
tests\test_write_verify_applier.py:17: in &lt;module&gt;
    from custom_components.hsem.utils.inverter_verify import (
custom_components\__init__.py:1: in &lt;module&gt;
    from custom_components.hsem.utils.logger import HSEM_LOGGER as _LOGGER
custom_components\hsem\__init__.py:13: in &lt;module&gt;
    from homeassistant.config_entries import ConfigEntry
.tox\py314\Lib\site-packages\homeassistant\config_entries.py:78: in &lt;module&gt;
    from .setup import (
.tox\py314\Lib\site-packages\homeassistant\setup.py:15: in &lt;module&gt;
    from . import config as conf_util, core, loader, requirements
.tox\py314\Lib\site-packages\homeassistant\config.py:25: in &lt;module&gt;
    from .core_config import _PACKAGE_DEFINITION_SCHEMA, _PACKAGES_CONFIG_SCHEMA
.tox\py314\Lib\site-packages\homeassistant\core_config.py:17: in &lt;module&gt;
    from . import auth
.tox\py314\Lib\site-packages\homeassistant\auth\__init__.py:29: in &lt;module&gt;
    from .providers.homeassistant import HassAuthProvider
.tox\py314\Lib\site-packages\homeassistant\auth\providers\homeassistant.py:9: in &lt;module&gt;
    import bcrypt
.tox\py314\Lib\site-packages\bcrypt\__init__.py:13: in &lt;module&gt;
    from ._bcrypt import (
E   ImportError: PyO3 modules compiled for CPython 3.8 or older may only be initialized once per interpreter process</error></testcase><testcase classname="" name="tests.utils.test_charge_rate_learner" time="0.000"><error message="collection failure">ImportError while importing test module 'C:\Users\andreas.kruger\Github\hsem\tests\utils\test_charge_rate_learner.py'.
Hint: make sure your test modules/packages have valid Python names.
Traceback:
.tox\py314\Lib\site-packages\_pytest\python.py:508: in importtestmodule
    mod = import_path(
.tox\py314\Lib\site-packages\_pytest\pathlib.py:596: in import_path
    importlib.import_module(module_name)
..\..\.pyenv\pyenv-win\versions\3.14.2\Lib\importlib\__init__.py:88: in import_module
    return _bootstrap._gcd_import(name[level:], package, level)
           ^^^^^^^^^^^^^^^^^^^^^^^^^^^^^^^^^^^^^^^^^^^^^^^^^^^^
&lt;frozen importlib._bootstrap&gt;:1398: in _gcd_import
    ???
&lt;frozen importlib._bootstrap&gt;:1371: in _find_and_load
    ???
&lt;frozen importlib._bootstrap&gt;:1342: in _find_and_load_unlocked
    ???
&lt;frozen importlib._bootstrap&gt;:938: in _load_unlocked
    ???
.tox\py314\Lib\site-packages\_pytest\assertion\rewrite.py:188: in exec_module
    exec(co, module.__dict__)
tests\utils\test_charge_rate_learner.py:10: in &lt;module&gt;
    from custom_components.hsem.utils.charge_rate_learner import (
custom_components\__init__.py:1: in &lt;module&gt;
    from custom_components.hsem.utils.logger import HSEM_LOGGER as _LOGGER
custom_components\hsem\__init__.py:13: in &lt;module&gt;
    from homeassistant.config_entries import ConfigEntry
.tox\py314\Lib\site-packages\homeassistant\config_entries.py:78: in &lt;module&gt;
    from .setup import (
.tox\py314\Lib\site-packages\homeassistant\setup.py:15: in &lt;module&gt;
    from . import config as conf_util, core, loader, requirements
.tox\py314\Lib\site-packages\homeassistant\config.py:25: in &lt;module&gt;
    from .core_config import _PACKAGE_DEFINITION_SCHEMA, _PACKAGES_CONFIG_SCHEMA
.tox\py314\Lib\site-packages\homeassistant\core_config.py:17: in &lt;module&gt;
    from . import auth
.tox\py314\Lib\site-packages\homeassistant\auth\__init__.py:29: in &lt;module&gt;
    from .providers.homeassistant import HassAuthProvider
.tox\py314\Lib\site-packages\homeassistant\auth\providers\homeassistant.py:9: in &lt;module&gt;
    import bcrypt
.tox\py314\Lib\site-packages\bcrypt\__init__.py:13: in &lt;module&gt;
    from ._bcrypt import (
E   ImportError: PyO3 modules compiled for CPython 3.8 or older may only be initialized once per interpreter process</error></testcase><testcase classname="" name="tests.utils.test_dynamic_floor" time="0.000"><error message="collection failure">ImportError while importing test module 'C:\Users\andreas.kruger\Github\hsem\tests\utils\test_dynamic_floor.py'.
Hint: make sure your test modules/packages have valid Python names.
Traceback:
.tox\py314\Lib\site-packages\_pytest\python.py:508: in importtestmodule
    mod = import_path(
.tox\py314\Lib\site-packages\_pytest\pathlib.py:596: in import_path
    importlib.import_module(module_name)
..\..\.pyenv\pyenv-win\versions\3.14.2\Lib\importlib\__init__.py:88: in import_module
    return _bootstrap._gcd_import(name[level:], package, level)
           ^^^^^^^^^^^^^^^^^^^^^^^^^^^^^^^^^^^^^^^^^^^^^^^^^^^^
&lt;frozen importlib._bootstrap&gt;:1398: in _gcd_import
    ???
&lt;frozen importlib._bootstrap&gt;:1371: in _find_and_load
    ???
&lt;frozen importlib._bootstrap&gt;:1342: in _find_and_load_unlocked
    ???
&lt;frozen importlib._bootstrap&gt;:938: in _load_unlocked
    ???
.tox\py314\Lib\site-packages\_pytest\assertion\rewrite.py:188: in exec_module
    exec(co, module.__dict__)
tests\utils\test_dynamic_floor.py:14: in &lt;module&gt;
    from custom_components.hsem.utils.dynamic_floor import (
custom_components\__init__.py:1: in &lt;module&gt;
    from custom_components.hsem.utils.logger import HSEM_LOGGER as _LOGGER
custom_components\hsem\__init__.py:13: in &lt;module&gt;
    from homeassistant.config_entries import ConfigEntry
.tox\py314\Lib\site-packages\homeassistant\config_entries.py:78: in &lt;module&gt;
    from .setup import (
.tox\py314\Lib\site-packages\homeassistant\setup.py:15: in &lt;module&gt;
    from . import config as conf_util, core, loader, requirements
.tox\py314\Lib\site-packages\homeassistant\config.py:25: in &lt;module&gt;
    from .core_config import _PACKAGE_DEFINITION_SCHEMA, _PACKAGES_CONFIG_SCHEMA
.tox\py314\Lib\site-packages\homeassistant\core_config.py:17: in &lt;module&gt;
    from . import auth
.tox\py314\Lib\site-packages\homeassistant\auth\__init__.py:29: in &lt;module&gt;
    from .providers.homeassistant import HassAuthProvider
.tox\py314\Lib\site-packages\homeassistant\auth\providers\homeassistant.py:9: in &lt;module&gt;
    import bcrypt
.tox\py314\Lib\site-packages\bcrypt\__init__.py:13: in &lt;module&gt;
    from ._bcrypt import (
E   ImportError: PyO3 modules compiled for CPython 3.8 or older may only be initialized once per interpreter process</error></testcase><testcase classname="" name="tests.utils.test_weekday_profile" time="0.000"><error message="collection failure">ImportError while importing test module 'C:\Users\andreas.kruger\Github\hsem\tests\utils\test_weekday_profile.py'.
Hint: make sure your test modules/packages have valid Python names.
Traceback:
.tox\py314\Lib\site-packages\_pytest\python.py:508: in importtestmodule
    mod = import_path(
.tox\py314\Lib\site-packages\_pytest\pathlib.py:596: in import_path
    importlib.import_module(module_name)
..\..\.pyenv\pyenv-win\versions\3.14.2\Lib\importlib\__init__.py:88: in import_module
    return _bootstrap._gcd_import(name[level:], package, level)
           ^^^^^^^^^^^^^^^^^^^^^^^^^^^^^^^^^^^^^^^^^^^^^^^^^^^^
&lt;frozen importlib._bootstrap&gt;:1398: in _gcd_import
    ???
&lt;frozen importlib._bootstrap&gt;:1371: in _find_and_load
    ???
&lt;frozen importlib._bootstrap&gt;:1342: in _find_and_load_unlocked
    ???
&lt;frozen importlib._bootstrap&gt;:938: in _load_unlocked
    ???
.tox\py314\Lib\site-packages\_pytest\assertion\rewrite.py:188: in exec_module
    exec(co, module.__dict__)
tests\utils\test_weekday_profile.py:7: in &lt;module&gt;
    from custom_components.hsem.utils.weekday_profile import WeekdayProfile
custom_components\__init__.py:1: in &lt;module&gt;
    from custom_components.hsem.utils.logger import HSEM_LOGGER as _LOGGER
custom_components\hsem\__init__.py:13: in &lt;module&gt;
    from homeassistant.config_entries import ConfigEntry
.tox\py314\Lib\site-packages\homeassistant\config_entries.py:78: in &lt;module&gt;
    from .setup import (
.tox\py314\Lib\site-packages\homeassistant\setup.py:15: in &lt;module&gt;
    from . import config as conf_util, core, loader, requirements
.tox\py314\Lib\site-packages\homeassistant\config.py:25: in &lt;module&gt;
    from .core_config import _PACKAGE_DEFINITION_SCHEMA, _PACKAGES_CONFIG_SCHEMA
.tox\py314\Lib\site-packages\homeassistant\core_config.py:17: in &lt;module&gt;
    from . import auth
.tox\py314\Lib\site-packages\homeassistant\auth\__init__.py:29: in &lt;module&gt;
    from .providers.homeassistant import HassAuthProvider
.tox\py314\Lib\site-packages\homeassistant\auth\providers\homeassistant.py:9: in &lt;module&gt;
    import bcrypt
.tox\py314\Lib\site-packages\bcrypt\__init__.py:13: in &lt;module&gt;
    from ._bcrypt import (
E   ImportError: PyO3 modules compiled for CPython 3.8 or older may only be initialized once per interpreter process</error></testcase></testsuite></testsuites>